<?xml version="1.0" encoding="UTF-8"?>
<coverage generated="1620198484">
  <project timestamp="1620198484">
    <file name="/workspaces/karla/src/Karla/Action.php">
      <metrics loc="37" ncloc="11" classes="0" methods="0" coveredmethods="0" conditionals="0" coveredconditionals="0" statements="0" coveredstatements="0" elements="0" coveredelements="0"/>
    </file>
    <file name="/workspaces/karla/src/Karla/Action/Background.php">
      <class name="Karla\Action\Background" namespace="global">
        <metrics complexity="6" methods="2" coveredmethods="2" conditionals="0" coveredconditionals="0" statements="9" coveredstatements="9" elements="11" coveredelements="11"/>
      </class>
      <line num="29" type="stmt" count="1"/>
      <line num="47" type="method" name="__construct" visibility="public" complexity="4" crap="4" count="7"/>
      <line num="49" type="stmt" count="7"/>
      <line num="50" type="stmt" count="6"/>
      <line num="52" type="stmt" count="1"/>
      <line num="54" type="stmt" count="6"/>
      <line num="64" type="method" name="perform" visibility="public" complexity="2" crap="2" count="6"/>
      <line num="66" type="stmt" count="6"/>
      <line num="67" type="stmt" count="6"/>
      <line num="68" type="stmt" count="4"/>
      <line num="70" type="stmt" count="2"/>
      <line num="72" type="stmt" count="6"/>
      <metrics loc="74" ncloc="34" classes="1" methods="2" coveredmethods="2" conditionals="0" coveredconditionals="0" statements="10" coveredstatements="10" elements="12" coveredelements="12"/>
    </file>
    <file name="/workspaces/karla/src/Karla/Action/Bordercolor.php">
      <class name="Karla\Action\Bordercolor" namespace="global">
        <metrics complexity="6" methods="2" coveredmethods="2" conditionals="0" coveredconditionals="0" statements="9" coveredstatements="9" elements="11" coveredelements="11"/>
      </class>
      <line num="29" type="stmt" count="1"/>
      <line num="47" type="method" name="__construct" visibility="public" complexity="4" crap="4" count="5"/>
      <line num="49" type="stmt" count="5"/>
      <line num="50" type="stmt" count="4"/>
      <line num="52" type="stmt" count="1"/>
      <line num="54" type="stmt" count="4"/>
      <line num="64" type="method" name="perform" visibility="public" complexity="2" crap="2" count="4"/>
      <line num="66" type="stmt" count="4"/>
      <line num="67" type="stmt" count="4"/>
      <line num="68" type="stmt" count="2"/>
      <line num="70" type="stmt" count="2"/>
      <line num="72" type="stmt" count="4"/>
      <metrics loc="74" ncloc="34" classes="1" methods="2" coveredmethods="2" conditionals="0" coveredconditionals="0" statements="10" coveredstatements="10" elements="12" coveredelements="12"/>
    </file>
    <file name="/workspaces/karla/src/Karla/Action/Colorspace.php">
      <class name="Karla\Action\Colorspace" namespace="global">
        <metrics complexity="3" methods="2" coveredmethods="2" conditionals="0" coveredconditionals="0" statements="8" coveredstatements="8" elements="10" coveredelements="10"/>
      </class>
      <line num="29" type="stmt" count="1"/>
      <line num="49" type="method" name="__construct" visibility="public" complexity="2" crap="2" count="3"/>
      <line num="51" type="stmt" count="3"/>
      <line num="52" type="stmt" count="1"/>
      <line num="53" type="stmt" count="1"/>
      <line num="55" type="stmt" count="2"/>
      <line num="56" type="stmt" count="2"/>
      <line num="66" type="method" name="perform" visibility="public" complexity="1" crap="1" count="2"/>
      <line num="68" type="stmt" count="2"/>
      <line num="69" type="stmt" count="2"/>
      <line num="71" type="stmt" count="2"/>
      <metrics loc="73" ncloc="31" classes="1" methods="2" coveredmethods="2" conditionals="0" coveredconditionals="0" statements="9" coveredstatements="9" elements="11" coveredelements="11"/>
    </file>
    <file name="/workspaces/karla/src/Karla/Action/Crop.php">
      <class name="Karla\Action\Crop" namespace="global">
        <metrics complexity="10" methods="2" coveredmethods="2" conditionals="0" coveredconditionals="0" statements="28" coveredstatements="28" elements="30" coveredelements="30"/>
      </class>
      <line num="28" type="stmt" count="1"/>
      <line num="69" type="method" name="__construct" visibility="public" complexity="7" crap="7" count="8"/>
      <line num="71" type="stmt" count="8"/>
      <line num="72" type="stmt" count="1"/>
      <line num="73" type="stmt" count="1"/>
      <line num="75" type="stmt" count="7"/>
      <line num="76" type="stmt" count="1"/>
      <line num="77" type="stmt" count="1"/>
      <line num="79" type="stmt" count="6"/>
      <line num="80" type="stmt" count="1"/>
      <line num="81" type="stmt" count="1"/>
      <line num="83" type="stmt" count="5"/>
      <line num="84" type="stmt" count="1"/>
      <line num="85" type="stmt" count="1"/>
      <line num="88" type="stmt" count="4"/>
      <line num="89" type="stmt" count="4"/>
      <line num="90" type="stmt" count="4"/>
      <line num="91" type="stmt" count="4"/>
      <line num="92" type="stmt" count="4"/>
      <line num="102" type="method" name="perform" visibility="public" complexity="3" crap="3" count="4"/>
      <line num="104" type="stmt" count="4"/>
      <line num="106" type="stmt" count="4"/>
      <line num="108" type="stmt" count="4"/>
      <line num="109" type="stmt" count="3"/>
      <line num="111" type="stmt" count="1"/>
      <line num="114" type="stmt" count="4"/>
      <line num="115" type="stmt" count="3"/>
      <line num="117" type="stmt" count="1"/>
      <line num="121" type="stmt" count="4"/>
      <line num="122" type="stmt" count="4"/>
      <line num="124" type="stmt" count="4"/>
      <metrics loc="126" ncloc="68" classes="1" methods="2" coveredmethods="2" conditionals="0" coveredconditionals="0" statements="29" coveredstatements="29" elements="31" coveredelements="31"/>
    </file>
    <file name="/workspaces/karla/src/Karla/Action/Density.php">
      <class name="Karla\Action\Density" namespace="global">
        <metrics complexity="6" methods="2" coveredmethods="2" conditionals="0" coveredconditionals="0" statements="19" coveredstatements="19" elements="21" coveredelements="21"/>
      </class>
      <line num="28" type="stmt" count="1"/>
      <line num="65" type="method" name="__construct" visibility="public" complexity="4" crap="4" count="16"/>
      <line num="67" type="stmt" count="16"/>
      <line num="68" type="stmt" count="2"/>
      <line num="69" type="stmt" count="2"/>
      <line num="71" type="stmt" count="14"/>
      <line num="72" type="stmt" count="2"/>
      <line num="73" type="stmt" count="2"/>
      <line num="75" type="stmt" count="12"/>
      <line num="76" type="stmt" count="1"/>
      <line num="77" type="stmt" count="1"/>
      <line num="79" type="stmt" count="11"/>
      <line num="80" type="stmt" count="11"/>
      <line num="81" type="stmt" count="11"/>
      <line num="82" type="stmt" count="11"/>
      <line num="93" type="method" name="perform" visibility="public" complexity="2" crap="2" count="11"/>
      <line num="95" type="stmt" count="11"/>
      <line num="96" type="stmt" count="11"/>
      <line num="98" type="stmt" count="11"/>
      <line num="99" type="stmt" count="3"/>
      <line num="101" type="stmt" count="8"/>
      <line num="103" type="stmt" count="11"/>
      <metrics loc="105" ncloc="49" classes="1" methods="2" coveredmethods="2" conditionals="0" coveredconditionals="0" statements="20" coveredstatements="20" elements="22" coveredelements="22"/>
    </file>
    <file name="/workspaces/karla/src/Karla/Action/Flatten.php">
      <class name="Karla\Action\Flatten" namespace="global">
        <metrics complexity="1" methods="1" coveredmethods="1" conditionals="0" coveredconditionals="0" statements="3" coveredstatements="3" elements="4" coveredelements="4"/>
      </class>
      <line num="28" type="stmt" count="1"/>
      <line num="39" type="method" name="perform" visibility="public" complexity="1" crap="1" count="2"/>
      <line num="41" type="stmt" count="2"/>
      <line num="42" type="stmt" count="2"/>
      <line num="43" type="stmt" count="2"/>
      <metrics loc="45" ncloc="18" classes="1" methods="1" coveredmethods="1" conditionals="0" coveredconditionals="0" statements="4" coveredstatements="4" elements="5" coveredelements="5"/>
    </file>
    <file name="/workspaces/karla/src/Karla/Action/Flip.php">
      <class name="Karla\Action\Flip" namespace="global">
        <metrics complexity="1" methods="1" coveredmethods="1" conditionals="0" coveredconditionals="0" statements="3" coveredstatements="3" elements="4" coveredelements="4"/>
      </class>
      <line num="28" type="stmt" count="1"/>
      <line num="38" type="method" name="perform" visibility="public" complexity="1" crap="1" count="2"/>
      <line num="40" type="stmt" count="2"/>
      <line num="41" type="stmt" count="2"/>
      <line num="42" type="stmt" count="2"/>
      <metrics loc="44" ncloc="17" classes="1" methods="1" coveredmethods="1" conditionals="0" coveredconditionals="0" statements="4" coveredstatements="4" elements="5" coveredelements="5"/>
    </file>
    <file name="/workspaces/karla/src/Karla/Action/Flop.php">
      <class name="Karla\Action\Flop" namespace="global">
        <metrics complexity="1" methods="1" coveredmethods="1" conditionals="0" coveredconditionals="0" statements="3" coveredstatements="3" elements="4" coveredelements="4"/>
      </class>
      <line num="28" type="stmt" count="1"/>
      <line num="38" type="method" name="perform" visibility="public" complexity="1" crap="1" count="2"/>
      <line num="40" type="stmt" count="2"/>
      <line num="41" type="stmt" count="2"/>
      <line num="42" type="stmt" count="2"/>
      <metrics loc="44" ncloc="17" classes="1" methods="1" coveredmethods="1" conditionals="0" coveredconditionals="0" statements="4" coveredstatements="4" elements="5" coveredelements="5"/>
    </file>
    <file name="/workspaces/karla/src/Karla/Action/Gravity.php">
      <class name="Karla\Action\Gravity" namespace="global">
        <metrics complexity="3" methods="2" coveredmethods="2" conditionals="0" coveredconditionals="0" statements="8" coveredstatements="8" elements="10" coveredelements="10"/>
      </class>
      <line num="30" type="stmt" count="1"/>
      <line num="50" type="method" name="__construct" visibility="public" complexity="2" crap="2" count="3"/>
      <line num="52" type="stmt" count="3"/>
      <line num="53" type="stmt" count="1"/>
      <line num="54" type="stmt" count="1"/>
      <line num="56" type="stmt" count="2"/>
      <line num="57" type="stmt" count="2"/>
      <line num="67" type="method" name="perform" visibility="public" complexity="1" crap="1" count="2"/>
      <line num="69" type="stmt" count="2"/>
      <line num="70" type="stmt" count="2"/>
      <line num="71" type="stmt" count="2"/>
      <metrics loc="73" ncloc="31" classes="1" methods="2" coveredmethods="2" conditionals="0" coveredconditionals="0" statements="9" coveredstatements="9" elements="11" coveredelements="11"/>
    </file>
    <file name="/workspaces/karla/src/Karla/Action/Layers.php">
      <class name="Karla\Action\Layers" namespace="global">
        <metrics complexity="3" methods="2" coveredmethods="2" conditionals="0" coveredconditionals="0" statements="7" coveredstatements="7" elements="9" coveredelements="9"/>
      </class>
      <line num="29" type="stmt" count="1"/>
      <line num="49" type="method" name="__construct" visibility="public" complexity="2" crap="2" count="2"/>
      <line num="51" type="stmt" count="2"/>
      <line num="52" type="stmt" count="1"/>
      <line num="53" type="stmt" count="1"/>
      <line num="55" type="stmt" count="1"/>
      <line num="56" type="stmt" count="1"/>
      <line num="66" type="method" name="perform" visibility="public" complexity="1" crap="1" count="1"/>
      <line num="68" type="stmt" count="1"/>
      <line num="69" type="stmt" count="1"/>
      <metrics loc="71" ncloc="29" classes="1" methods="2" coveredmethods="2" conditionals="0" coveredconditionals="0" statements="8" coveredstatements="8" elements="10" coveredelements="10"/>
    </file>
    <file name="/workspaces/karla/src/Karla/Action/Polaroid.php">
      <class name="Karla\Action\Polaroid" namespace="global">
        <metrics complexity="5" methods="2" coveredmethods="2" conditionals="0" coveredconditionals="0" statements="8" coveredstatements="8" elements="10" coveredelements="10"/>
      </class>
      <line num="28" type="stmt" count="1"/>
      <line num="46" type="method" name="__construct" visibility="public" complexity="4" crap="4" count="4"/>
      <line num="48" type="stmt" count="4"/>
      <line num="49" type="stmt" count="2"/>
      <line num="50" type="stmt" count="2"/>
      <line num="52" type="stmt" count="2"/>
      <line num="53" type="stmt" count="2"/>
      <line num="63" type="method" name="perform" visibility="public" complexity="1" crap="1" count="2"/>
      <line num="65" type="stmt" count="2"/>
      <line num="66" type="stmt" count="2"/>
      <line num="68" type="stmt" count="2"/>
      <metrics loc="70" ncloc="30" classes="1" methods="2" coveredmethods="2" conditionals="0" coveredconditionals="0" statements="9" coveredstatements="9" elements="11" coveredelements="11"/>
    </file>
    <file name="/workspaces/karla/src/Karla/Action/Profile.php">
      <class name="Karla\Action\Profile" namespace="global">
        <metrics complexity="11" methods="2" coveredmethods="2" conditionals="0" coveredconditionals="0" statements="14" coveredstatements="14" elements="16" coveredelements="16"/>
      </class>
      <line num="28" type="stmt" count="1"/>
      <line num="65" type="method" name="__construct" visibility="public" complexity="7" crap="7" count="10"/>
      <line num="67" type="stmt" count="10"/>
      <line num="68" type="stmt" count="1"/>
      <line num="69" type="stmt" count="1"/>
      <line num="71" type="stmt" count="9"/>
      <line num="72" type="stmt" count="3"/>
      <line num="73" type="stmt" count="3"/>
      <line num="76" type="stmt" count="7"/>
      <line num="77" type="stmt" count="7"/>
      <line num="78" type="stmt" count="7"/>
      <line num="79" type="stmt" count="7"/>
      <line num="89" type="method" name="perform" visibility="public" complexity="4" crap="4" count="7"/>
      <line num="91" type="stmt" count="7"/>
      <line num="92" type="stmt" count="5"/>
      <line num="94" type="stmt" count="2"/>
      <line num="97" type="stmt" count="7"/>
      <metrics loc="99" ncloc="44" classes="1" methods="2" coveredmethods="2" conditionals="0" coveredconditionals="0" statements="15" coveredstatements="15" elements="17" coveredelements="17"/>
    </file>
    <file name="/workspaces/karla/src/Karla/Action/Quality.php">
      <class name="Karla\Action\Quality" namespace="global">
        <metrics complexity="6" methods="2" coveredmethods="2" conditionals="0" coveredconditionals="0" statements="15" coveredstatements="15" elements="17" coveredelements="17"/>
      </class>
      <line num="28" type="stmt" count="1"/>
      <line num="56" type="method" name="__construct" visibility="public" complexity="5" crap="5" count="5"/>
      <line num="58" type="stmt" count="5"/>
      <line num="59" type="stmt" count="1"/>
      <line num="60" type="stmt" count="1"/>
      <line num="62" type="stmt" count="4"/>
      <line num="63" type="stmt" count="1"/>
      <line num="64" type="stmt" count="1"/>
      <line num="66" type="stmt" count="3"/>
      <line num="67" type="stmt" count="1"/>
      <line num="68" type="stmt" count="1"/>
      <line num="70" type="stmt" count="2"/>
      <line num="71" type="stmt" count="2"/>
      <line num="72" type="stmt" count="2"/>
      <line num="82" type="method" name="perform" visibility="public" complexity="1" crap="1" count="2"/>
      <line num="84" type="stmt" count="2"/>
      <line num="86" type="stmt" count="2"/>
      <line num="87" type="stmt" count="2"/>
      <metrics loc="89" ncloc="41" classes="1" methods="2" coveredmethods="2" conditionals="0" coveredconditionals="0" statements="16" coveredstatements="16" elements="18" coveredelements="18"/>
    </file>
    <file name="/workspaces/karla/src/Karla/Action/Resample.php">
      <class name="Karla\Action\Resample" namespace="global">
        <metrics complexity="8" methods="2" coveredmethods="1" conditionals="0" coveredconditionals="0" statements="21" coveredstatements="19" elements="23" coveredelements="20"/>
      </class>
      <line num="28" type="stmt" count="1"/>
      <line num="55" type="method" name="__construct" visibility="public" complexity="4" crap="4" count="7"/>
      <line num="57" type="stmt" count="7"/>
      <line num="58" type="stmt" count="1"/>
      <line num="59" type="stmt" count="1"/>
      <line num="60" type="stmt" count="1"/>
      <line num="62" type="stmt" count="6"/>
      <line num="63" type="stmt" count="1"/>
      <line num="64" type="stmt" count="1"/>
      <line num="65" type="stmt" count="1"/>
      <line num="68" type="stmt" count="5"/>
      <line num="69" type="stmt" count="5"/>
      <line num="70" type="stmt" count="5"/>
      <line num="80" type="method" name="perform" visibility="public" complexity="4" crap="4.13" count="5"/>
      <line num="82" type="stmt" count="5"/>
      <line num="83" type="stmt" count="5"/>
      <line num="85" type="stmt" count="4"/>
      <line num="86" type="stmt" count="4"/>
      <line num="87" type="stmt" count="4"/>
      <line num="88" type="stmt" count="0"/>
      <line num="89" type="stmt" count="0"/>
      <line num="91" type="stmt" count="4"/>
      <line num="92" type="stmt" count="4"/>
      <line num="94" type="stmt" count="4"/>
      <metrics loc="96" ncloc="49" classes="1" methods="2" coveredmethods="1" conditionals="0" coveredconditionals="0" statements="22" coveredstatements="20" elements="24" coveredelements="21"/>
    </file>
    <file name="/workspaces/karla/src/Karla/Action/Resize.php">
      <class name="Karla\Action\Resize" namespace="global">
        <metrics complexity="16" methods="2" coveredmethods="0" conditionals="0" coveredconditionals="0" statements="40" coveredstatements="32" elements="42" coveredelements="32"/>
      </class>
      <line num="29" type="stmt" count="1"/>
      <line num="96" type="method" name="__construct" visibility="public" complexity="10" crap="11.56" count="7"/>
      <line num="98" type="stmt" count="7"/>
      <line num="99" type="stmt" count="1"/>
      <line num="100" type="stmt" count="1"/>
      <line num="102" type="stmt" count="6"/>
      <line num="103" type="stmt" count="1"/>
      <line num="104" type="stmt" count="1"/>
      <line num="106" type="stmt" count="5"/>
      <line num="107" type="stmt" count="1"/>
      <line num="108" type="stmt" count="1"/>
      <line num="110" type="stmt" count="4"/>
      <line num="111" type="stmt" count="0"/>
      <line num="112" type="stmt" count="0"/>
      <line num="114" type="stmt" count="4"/>
      <line num="115" type="stmt" count="0"/>
      <line num="116" type="stmt" count="0"/>
      <line num="119" type="stmt" count="4"/>
      <line num="120" type="stmt" count="0"/>
      <line num="121" type="stmt" count="0"/>
      <line num="124" type="stmt" count="4"/>
      <line num="125" type="stmt" count="4"/>
      <line num="126" type="stmt" count="4"/>
      <line num="127" type="stmt" count="4"/>
      <line num="128" type="stmt" count="4"/>
      <line num="129" type="stmt" count="4"/>
      <line num="139" type="method" name="perform" visibility="public" complexity="6" crap="6.07" count="4"/>
      <line num="141" type="stmt" count="4"/>
      <line num="142" type="stmt" count="4"/>
      <line num="144" type="stmt" count="3"/>
      <line num="146" type="stmt" count="3"/>
      <line num="147" type="stmt" count="3"/>
      <line num="150" type="stmt" count="3"/>
      <line num="151" type="stmt" count="3"/>
      <line num="154" type="stmt" count="3"/>
      <line num="155" type="stmt" count="0"/>
      <line num="158" type="stmt" count="3"/>
      <line num="159" type="stmt" count="3"/>
      <line num="162" type="stmt" count="3"/>
      <line num="163" type="stmt" count="0"/>
      <line num="165" type="stmt" count="3"/>
      <line num="166" type="stmt" count="3"/>
      <line num="168" type="stmt" count="3"/>
      <metrics loc="170" ncloc="93" classes="1" methods="2" coveredmethods="0" conditionals="0" coveredconditionals="0" statements="41" coveredstatements="33" elements="43" coveredelements="33"/>
    </file>
    <file name="/workspaces/karla/src/Karla/Action/Rotate.php">
      <class name="Karla\Action\Rotate" namespace="global">
        <metrics complexity="3" methods="2" coveredmethods="2" conditionals="0" coveredconditionals="0" statements="8" coveredstatements="8" elements="10" coveredelements="10"/>
      </class>
      <line num="28" type="stmt" count="1"/>
      <line num="46" type="method" name="__construct" visibility="public" complexity="2" crap="2" count="4"/>
      <line num="48" type="stmt" count="4"/>
      <line num="49" type="stmt" count="1"/>
      <line num="50" type="stmt" count="1"/>
      <line num="52" type="stmt" count="3"/>
      <line num="53" type="stmt" count="3"/>
      <line num="63" type="method" name="perform" visibility="public" complexity="1" crap="1" count="3"/>
      <line num="65" type="stmt" count="3"/>
      <line num="66" type="stmt" count="3"/>
      <line num="67" type="stmt" count="3"/>
      <metrics loc="69" ncloc="29" classes="1" methods="2" coveredmethods="2" conditionals="0" coveredconditionals="0" statements="9" coveredstatements="9" elements="11" coveredelements="11"/>
    </file>
    <file name="/workspaces/karla/src/Karla/Action/Sepia.php">
      <class name="Karla\Action\Sepia" namespace="global">
        <metrics complexity="5" methods="2" coveredmethods="2" conditionals="0" coveredconditionals="0" statements="8" coveredstatements="8" elements="10" coveredelements="10"/>
      </class>
      <line num="28" type="stmt" count="1"/>
      <line num="46" type="method" name="__construct" visibility="public" complexity="4" crap="4" count="4"/>
      <line num="48" type="stmt" count="4"/>
      <line num="49" type="stmt" count="2"/>
      <line num="50" type="stmt" count="2"/>
      <line num="52" type="stmt" count="2"/>
      <line num="53" type="stmt" count="2"/>
      <line num="63" type="method" name="perform" visibility="public" complexity="1" crap="1" count="2"/>
      <line num="65" type="stmt" count="2"/>
      <line num="66" type="stmt" count="2"/>
      <line num="68" type="stmt" count="2"/>
      <metrics loc="70" ncloc="30" classes="1" methods="2" coveredmethods="2" conditionals="0" coveredconditionals="0" statements="9" coveredstatements="9" elements="11" coveredelements="11"/>
    </file>
    <file name="/workspaces/karla/src/Karla/Action/Size.php">
      <class name="Karla\Action\Size" namespace="global">
        <metrics complexity="4" methods="2" coveredmethods="2" conditionals="0" coveredconditionals="0" statements="9" coveredstatements="9" elements="11" coveredelements="11"/>
      </class>
      <line num="28" type="stmt" count="1"/>
      <line num="55" type="method" name="__construct" visibility="public" complexity="3" crap="3" count="3"/>
      <line num="57" type="stmt" count="3"/>
      <line num="58" type="stmt" count="1"/>
      <line num="59" type="stmt" count="1"/>
      <line num="61" type="stmt" count="2"/>
      <line num="62" type="stmt" count="2"/>
      <line num="63" type="stmt" count="2"/>
      <line num="73" type="method" name="perform" visibility="public" complexity="1" crap="1" count="2"/>
      <line num="75" type="stmt" count="2"/>
      <line num="77" type="stmt" count="2"/>
      <line num="79" type="stmt" count="2"/>
      <metrics loc="81" ncloc="34" classes="1" methods="2" coveredmethods="2" conditionals="0" coveredconditionals="0" statements="10" coveredstatements="10" elements="12" coveredelements="12"/>
    </file>
    <file name="/workspaces/karla/src/Karla/Action/Strip.php">
      <class name="Karla\Action\Strip" namespace="global">
        <metrics complexity="1" methods="1" coveredmethods="1" conditionals="0" coveredconditionals="0" statements="3" coveredstatements="3" elements="4" coveredelements="4"/>
      </class>
      <line num="29" type="stmt" count="0"/>
      <line num="40" type="method" name="perform" visibility="public" complexity="1" crap="1" count="1"/>
      <line num="42" type="stmt" count="1"/>
      <line num="43" type="stmt" count="1"/>
      <line num="44" type="stmt" count="1"/>
      <metrics loc="46" ncloc="19" classes="1" methods="1" coveredmethods="1" conditionals="0" coveredconditionals="0" statements="4" coveredstatements="3" elements="5" coveredelements="4"/>
    </file>
    <file name="/workspaces/karla/src/Karla/Action/Type.php">
      <class name="Karla\Action\Type" namespace="global">
        <metrics complexity="3" methods="2" coveredmethods="2" conditionals="0" coveredconditionals="0" statements="8" coveredstatements="8" elements="10" coveredelements="10"/>
      </class>
      <line num="29" type="stmt" count="1"/>
      <line num="49" type="method" name="__construct" visibility="public" complexity="2" crap="2" count="3"/>
      <line num="51" type="stmt" count="3"/>
      <line num="52" type="stmt" count="1"/>
      <line num="53" type="stmt" count="1"/>
      <line num="55" type="stmt" count="2"/>
      <line num="56" type="stmt" count="2"/>
      <line num="66" type="method" name="perform" visibility="public" complexity="1" crap="1" count="2"/>
      <line num="68" type="stmt" count="2"/>
      <line num="70" type="stmt" count="2"/>
      <line num="71" type="stmt" count="2"/>
      <metrics loc="73" ncloc="31" classes="1" methods="2" coveredmethods="2" conditionals="0" coveredconditionals="0" statements="9" coveredstatements="9" elements="11" coveredelements="11"/>
    </file>
    <file name="/workspaces/karla/src/Karla/Cache.php">
      <metrics loc="69" ncloc="14" classes="0" methods="0" coveredmethods="0" conditionals="0" coveredconditionals="0" statements="0" coveredstatements="0" elements="0" coveredelements="0"/>
    </file>
    <file name="/workspaces/karla/src/Karla/Cache/File.php">
      <class name="Karla\Cache\File" namespace="global">
        <metrics complexity="13" methods="7" coveredmethods="0" conditionals="0" coveredconditionals="0" statements="34" coveredstatements="0" elements="41" coveredelements="0"/>
      </class>
      <line num="25" type="stmt" count="0"/>
      <line num="43" type="method" name="__construct" visibility="public" complexity="1" crap="2" count="0"/>
      <line num="45" type="stmt" count="0"/>
      <line num="46" type="stmt" count="0"/>
      <line num="59" type="method" name="setCacheDir" visibility="private" complexity="4" crap="20" count="0"/>
      <line num="61" type="stmt" count="0"/>
      <line num="62" type="stmt" count="0"/>
      <line num="64" type="stmt" count="0"/>
      <line num="65" type="stmt" count="0"/>
      <line num="67" type="stmt" count="0"/>
      <line num="68" type="stmt" count="0"/>
      <line num="70" type="stmt" count="0"/>
      <line num="71" type="stmt" count="0"/>
      <line num="81" type="method" name="options2string" visibility="private" complexity="4" crap="20" count="0"/>
      <line num="83" type="stmt" count="0"/>
      <line num="84" type="stmt" count="0"/>
      <line num="85" type="stmt" count="0"/>
      <line num="86" type="stmt" count="0"/>
      <line num="87" type="stmt" count="0"/>
      <line num="89" type="stmt" count="0"/>
      <line num="90" type="stmt" count="0"/>
      <line num="92" type="stmt" count="0"/>
      <line num="93" type="stmt" count="0"/>
      <line num="94" type="stmt" count="0"/>
      <line num="95" type="stmt" count="0"/>
      <line num="97" type="stmt" count="0"/>
      <line num="112" type="method" name="cacheName" visibility="private" complexity="1" crap="2" count="0"/>
      <line num="114" type="stmt" count="0"/>
      <line num="115" type="stmt" count="0"/>
      <line num="116" type="stmt" count="0"/>
      <line num="117" type="stmt" count="0"/>
      <line num="118" type="stmt" count="0"/>
      <line num="133" type="method" name="isCached" visibility="public" complexity="1" crap="2" count="0"/>
      <line num="135" type="stmt" count="0"/>
      <line num="136" type="stmt" count="0"/>
      <line num="151" type="method" name="getCached" visibility="public" complexity="1" crap="2" count="0"/>
      <line num="153" type="stmt" count="0"/>
      <line num="168" type="method" name="setCache" visibility="public" complexity="1" crap="2" count="0"/>
      <line num="170" type="stmt" count="0"/>
      <line num="171" type="stmt" count="0"/>
      <line num="172" type="stmt" count="0"/>
      <line num="173" type="stmt" count="0"/>
      <metrics loc="174" ncloc="75" classes="1" methods="7" coveredmethods="0" conditionals="0" coveredconditionals="0" statements="35" coveredstatements="0" elements="42" coveredelements="0"/>
    </file>
    <file name="/workspaces/karla/src/Karla/Color.php">
      <class name="Karla\Color" namespace="global">
        <metrics complexity="3" methods="3" coveredmethods="3" conditionals="0" coveredconditionals="0" statements="6" coveredstatements="6" elements="9" coveredelements="9"/>
      </class>
      <line num="36" type="method" name="validHexColor" visibility="public" complexity="1" crap="1" count="12"/>
      <line num="38" type="stmt" count="12"/>
      <line num="40" type="stmt" count="12"/>
      <line num="51" type="method" name="validColorName" visibility="public" complexity="1" crap="1" count="12"/>
      <line num="53" type="stmt" count="12"/>
      <line num="56" type="stmt" count="12"/>
      <line num="67" type="method" name="validRgbColor" visibility="public" complexity="1" crap="1" count="9"/>
      <line num="69" type="stmt" count="9"/>
      <line num="74" type="stmt" count="9"/>
      <metrics loc="76" ncloc="33" classes="1" methods="3" coveredmethods="3" conditionals="0" coveredconditionals="0" statements="6" coveredstatements="6" elements="9" coveredelements="9"/>
    </file>
    <file name="/workspaces/karla/src/Karla/Karla.php">
      <class name="Karla\Karla" namespace="global">
        <metrics complexity="15" methods="6" coveredmethods="3" conditionals="0" coveredconditionals="0" statements="25" coveredstatements="20" elements="31" coveredelements="23"/>
      </class>
      <line num="59" type="method" name="perform" visibility="public" complexity="3" crap="3.58" count="145"/>
      <line num="61" type="stmt" count="145"/>
      <line num="63" type="stmt" count="1"/>
      <line num="64" type="stmt" count="0"/>
      <line num="65" type="stmt" count="0"/>
      <line num="69" type="stmt" count="145"/>
      <line num="82" type="method" name="__construct" visibility="private" complexity="3" crap="3.21" count="1"/>
      <line num="84" type="stmt" count="1"/>
      <line num="85" type="stmt" count="0"/>
      <line num="88" type="stmt" count="1"/>
      <line num="89" type="stmt" count="0"/>
      <line num="91" type="stmt" count="1"/>
      <line num="92" type="stmt" count="1"/>
      <line num="93" type="stmt" count="1"/>
      <line num="110" type="method" name="raw" visibility="public" complexity="3" crap="3.14" count="1"/>
      <line num="112" type="stmt" count="1"/>
      <line num="113" type="stmt" count="0"/>
      <line num="115" type="stmt" count="1"/>
      <line num="117" type="stmt" count="1"/>
      <line num="125" type="method" name="convert" visibility="public" complexity="2" crap="2" count="96"/>
      <line num="127" type="stmt" count="96"/>
      <line num="128" type="stmt" count="96"/>
      <line num="130" type="stmt" count="96"/>
      <line num="138" type="method" name="identify" visibility="public" complexity="2" crap="2" count="38"/>
      <line num="140" type="stmt" count="38"/>
      <line num="141" type="stmt" count="38"/>
      <line num="143" type="stmt" count="38"/>
      <line num="151" type="method" name="composite" visibility="public" complexity="2" crap="2" count="8"/>
      <line num="153" type="stmt" count="8"/>
      <line num="154" type="stmt" count="8"/>
      <line num="156" type="stmt" count="8"/>
      <metrics loc="158" ncloc="73" classes="1" methods="6" coveredmethods="3" conditionals="0" coveredconditionals="0" statements="25" coveredstatements="20" elements="31" coveredelements="23"/>
    </file>
    <file name="/workspaces/karla/src/Karla/MetaData.php">
      <class name="Karla\MetaData" namespace="global">
        <metrics complexity="50" methods="24" coveredmethods="17" conditionals="0" coveredconditionals="0" statements="113" coveredstatements="98" elements="137" coveredelements="115"/>
      </class>
      <line num="106" type="method" name="__construct" visibility="public" complexity="2" crap="2" count="27"/>
      <line num="108" type="stmt" count="27"/>
      <line num="109" type="stmt" count="27"/>
      <line num="110" type="stmt" count="12"/>
      <line num="111" type="stmt" count="12"/>
      <line num="112" type="stmt" count="12"/>
      <line num="113" type="stmt" count="12"/>
      <line num="114" type="stmt" count="12"/>
      <line num="115" type="stmt" count="12"/>
      <line num="116" type="stmt" count="12"/>
      <line num="117" type="stmt" count="12"/>
      <line num="119" type="stmt" count="15"/>
      <line num="120" type="stmt" count="15"/>
      <line num="121" type="stmt" count="15"/>
      <line num="122" type="stmt" count="15"/>
      <line num="123" type="stmt" count="15"/>
      <line num="124" type="stmt" count="15"/>
      <line num="125" type="stmt" count="15"/>
      <line num="126" type="stmt" count="15"/>
      <line num="127" type="stmt" count="15"/>
      <line num="128" type="stmt" count="15"/>
      <line num="129" type="stmt" count="15"/>
      <line num="130" type="stmt" count="15"/>
      <line num="131" type="stmt" count="15"/>
      <line num="132" type="stmt" count="15"/>
      <line num="133" type="stmt" count="15"/>
      <line num="135" type="stmt" count="27"/>
      <line num="143" type="method" name="getResolution" visibility="private" complexity="3" crap="3.79" count="6"/>
      <line num="145" type="stmt" count="6"/>
      <line num="146" type="stmt" count="3"/>
      <line num="148" type="stmt" count="0"/>
      <line num="149" type="stmt" count="0"/>
      <line num="150" type="stmt" count="0"/>
      <line num="152" type="stmt" count="0"/>
      <line num="153" type="stmt" count="3"/>
      <line num="156" type="stmt" count="3"/>
      <line num="159" type="stmt" count="6"/>
      <line num="167" type="method" name="getResolutionHeight" visibility="public" complexity="2" crap="2" count="2"/>
      <line num="169" type="stmt" count="2"/>
      <line num="171" type="stmt" count="2"/>
      <line num="179" type="method" name="getResolutionWidth" visibility="public" complexity="2" crap="2" count="4"/>
      <line num="181" type="stmt" count="4"/>
      <line num="183" type="stmt" count="4"/>
      <line num="191" type="method" name="getFormat" visibility="public" complexity="1" crap="1" count="2"/>
      <line num="193" type="stmt" count="2"/>
      <line num="201" type="method" name="getDepth" visibility="public" complexity="1" crap="1" count="2"/>
      <line num="203" type="stmt" count="2"/>
      <line num="211" type="method" name="getColorspace" visibility="public" complexity="1" crap="1" count="2"/>
      <line num="213" type="stmt" count="2"/>
      <line num="221" type="method" name="getGeometry" visibility="public" complexity="1" crap="1" count="2"/>
      <line num="223" type="stmt" count="2"/>
      <line num="231" type="method" name="getHeight" visibility="public" complexity="1" crap="1" count="2"/>
      <line num="233" type="stmt" count="2"/>
      <line num="241" type="method" name="getWidth" visibility="public" complexity="1" crap="1" count="2"/>
      <line num="243" type="stmt" count="2"/>
      <line num="251" type="method" name="listRaw" visibility="public" complexity="5" crap="5.02" count="2"/>
      <line num="253" type="stmt" count="2"/>
      <line num="254" type="stmt" count="2"/>
      <line num="255" type="stmt" count="2"/>
      <line num="256" type="stmt" count="2"/>
      <line num="257" type="stmt" count="2"/>
      <line num="258" type="stmt" count="2"/>
      <line num="259" type="stmt" count="1"/>
      <line num="261" type="stmt" count="1"/>
      <line num="265" type="stmt" count="0"/>
      <line num="267" type="stmt" count="2"/>
      <line num="269" type="stmt" count="2"/>
      <line num="277" type="method" name="parseFilename" visibility="private" complexity="2" crap="2" count="27"/>
      <line num="279" type="stmt" count="27"/>
      <line num="287" type="method" name="parseFileformat" visibility="private" complexity="3" crap="3" count="27"/>
      <line num="289" type="stmt" count="27"/>
      <line num="290" type="stmt" count="27"/>
      <line num="291" type="stmt" count="27"/>
      <line num="292" type="stmt" count="27"/>
      <line num="293" type="stmt" count="27"/>
      <line num="295" type="stmt" count="27"/>
      <line num="304" type="method" name="parseGeometry" visibility="private" complexity="3" crap="3" count="27"/>
      <line num="306" type="stmt" count="27"/>
      <line num="307" type="stmt" count="27"/>
      <line num="308" type="stmt" count="27"/>
      <line num="309" type="stmt" count="27"/>
      <line num="310" type="stmt" count="27"/>
      <line num="312" type="stmt" count="27"/>
      <line num="319" type="method" name="parseColorspace" visibility="private" complexity="2" crap="2" count="27"/>
      <line num="321" type="stmt" count="27"/>
      <line num="322" type="stmt" count="27"/>
      <line num="323" type="stmt" count="27"/>
      <line num="324" type="stmt" count="27"/>
      <line num="325" type="stmt" count="27"/>
      <line num="332" type="method" name="parseDepth" visibility="private" complexity="2" crap="2" count="27"/>
      <line num="334" type="stmt" count="27"/>
      <line num="335" type="stmt" count="27"/>
      <line num="336" type="stmt" count="27"/>
      <line num="337" type="stmt" count="27"/>
      <line num="338" type="stmt" count="27"/>
      <line num="345" type="method" name="parseResolution" visibility="private" complexity="2" crap="2" count="27"/>
      <line num="347" type="stmt" count="27"/>
      <line num="348" type="stmt" count="27"/>
      <line num="349" type="stmt" count="27"/>
      <line num="360" type="method" name="parseVerbose" visibility="private" complexity="3" crap="3.14" count="12"/>
      <line num="362" type="stmt" count="12"/>
      <line num="363" type="stmt" count="12"/>
      <line num="364" type="stmt" count="12"/>
      <line num="367" type="stmt" count="0"/>
      <line num="378" type="method" name="parse" visibility="private" complexity="1" crap="1" count="15"/>
      <line num="380" type="stmt" count="15"/>
      <line num="390" type="method" name="parseUnits" visibility="private" complexity="6" crap="7.33" count="27"/>
      <line num="392" type="stmt" count="27"/>
      <line num="393" type="stmt" count="27"/>
      <line num="394" type="stmt" count="27"/>
      <line num="395" type="stmt" count="0"/>
      <line num="396" type="stmt" count="0"/>
      <line num="397" type="stmt" count="0"/>
      <line num="399" type="stmt" count="27"/>
      <line num="400" type="stmt" count="12"/>
      <line num="401" type="stmt" count="12"/>
      <line num="402" type="stmt" count="12"/>
      <line num="404" type="stmt" count="15"/>
      <line num="405" type="stmt" count="0"/>
      <line num="406" type="stmt" count="0"/>
      <line num="407" type="stmt" count="0"/>
      <line num="410" type="stmt" count="15"/>
      <line num="411" type="stmt" count="15"/>
      <line num="412" type="stmt" count="15"/>
      <line num="414" type="stmt" count="27"/>
      <line num="421" type="method" name="getUnit" visibility="public" complexity="2" crap="2.15" count="2"/>
      <line num="423" type="stmt" count="2"/>
      <line num="424" type="stmt" count="2"/>
      <line num="426" type="stmt" count="0"/>
      <line num="438" type="method" name="getHash" visibility="public" complexity="2" crap="2" count="2"/>
      <line num="440" type="stmt" count="2"/>
      <line num="441" type="stmt" count="1"/>
      <line num="443" type="stmt" count="1"/>
      <line num="455" type="method" name="ppc2ppi" visibility="private" complexity="1" crap="2" count="0"/>
      <line num="457" type="stmt" count="0"/>
      <line num="468" type="method" name="ppi2ppc" visibility="private" complexity="1" crap="2" count="0"/>
      <line num="470" type="stmt" count="0"/>
      <metrics loc="472" ncloc="257" classes="1" methods="24" coveredmethods="17" conditionals="0" coveredconditionals="0" statements="113" coveredstatements="98" elements="137" coveredelements="115"/>
    </file>
    <file name="/workspaces/karla/src/Karla/Program.php">
      <metrics loc="41" ncloc="12" classes="0" methods="0" coveredmethods="0" conditionals="0" coveredconditionals="0" statements="0" coveredstatements="0" elements="0" coveredelements="0"/>
    </file>
    <file name="/workspaces/karla/src/Karla/Program/Composite.php">
      <class name="Karla\Program\Composite" namespace="global">
        <metrics complexity="4" methods="4" coveredmethods="4" conditionals="0" coveredconditionals="0" statements="5" coveredstatements="5" elements="9" coveredelements="9"/>
      </class>
      <line num="33" type="method" name="basefile" visibility="public" complexity="1" crap="1" count="1"/>
      <line num="35" type="stmt" count="1"/>
      <line num="43" type="method" name="changefile" visibility="public" complexity="1" crap="1" count="1"/>
      <line num="45" type="stmt" count="1"/>
      <line num="53" type="method" name="outputfile" visibility="public" complexity="1" crap="1" count="1"/>
      <line num="55" type="stmt" count="1"/>
      <line num="69" type="method" name="raw" visibility="public" complexity="1" crap="1" count="1"/>
      <line num="71" type="stmt" count="1"/>
      <line num="72" type="stmt" count="1"/>
      <metrics loc="74" ncloc="29" classes="1" methods="4" coveredmethods="4" conditionals="0" coveredconditionals="0" statements="5" coveredstatements="5" elements="9" coveredelements="9"/>
    </file>
    <file name="/workspaces/karla/src/Karla/Program/Convert.php">
      <class name="Karla\Program\Convert" namespace="global">
        <metrics complexity="47" methods="27" coveredmethods="24" conditionals="0" coveredconditionals="0" statements="127" coveredstatements="105" elements="154" coveredelements="129"/>
      </class>
      <line num="51" type="stmt" count="1"/>
      <line num="77" type="method" name="in" visibility="public" complexity="3" crap="3" count="90"/>
      <line num="79" type="stmt" count="90"/>
      <line num="80" type="stmt" count="1"/>
      <line num="81" type="stmt" count="1"/>
      <line num="84" type="stmt" count="89"/>
      <line num="85" type="stmt" count="89"/>
      <line num="87" type="stmt" count="89"/>
      <line num="89" type="stmt" count="89"/>
      <line num="104" type="method" name="out" visibility="public" complexity="4" crap="4.25" count="35"/>
      <line num="106" type="stmt" count="35"/>
      <line num="107" type="stmt" count="35"/>
      <line num="108" type="stmt" count="1"/>
      <line num="109" type="stmt" count="1"/>
      <line num="111" type="stmt" count="34"/>
      <line num="112" type="stmt" count="0"/>
      <line num="113" type="stmt" count="0"/>
      <line num="115" type="stmt" count="34"/>
      <line num="116" type="stmt" count="34"/>
      <line num="119" type="stmt" count="0"/>
      <line num="121" type="stmt" count="34"/>
      <line num="123" type="stmt" count="34"/>
      <line num="132" type="method" name="getCommand" visibility="public" complexity="7" crap="7" count="35"/>
      <line num="134" type="stmt" count="35"/>
      <line num="135" type="stmt" count="1"/>
      <line num="137" type="stmt" count="34"/>
      <line num="138" type="stmt" count="1"/>
      <line num="141" type="stmt" count="33"/>
      <line num="142" type="stmt" count="33"/>
      <line num="143" type="stmt" count="33"/>
      <line num="144" type="stmt" count="33"/>
      <line num="146" type="stmt" count="33"/>
      <line num="147" type="stmt" count="33"/>
      <line num="156" type="method" name="execute" visibility="public" complexity="4" crap="20" count="0"/>
      <line num="158" type="stmt" count="0"/>
      <line num="159" type="stmt" count="0"/>
      <line num="160" type="stmt" count="0"/>
      <line num="161" type="stmt" count="0"/>
      <line num="162" type="stmt" count="0"/>
      <line num="163" type="stmt" count="0"/>
      <line num="164" type="stmt" count="0"/>
      <line num="165" type="stmt" count="0"/>
      <line num="166" type="stmt" count="0"/>
      <line num="167" type="stmt" count="0"/>
      <line num="168" type="stmt" count="0"/>
      <line num="170" type="stmt" count="0"/>
      <line num="171" type="stmt" count="0"/>
      <line num="173" type="stmt" count="0"/>
      <line num="175" type="stmt" count="0"/>
      <line num="176" type="stmt" count="0"/>
      <line num="177" type="stmt" count="0"/>
      <line num="178" type="stmt" count="0"/>
      <line num="193" type="method" name="raw" visibility="public" complexity="1" crap="1" count="1"/>
      <line num="195" type="stmt" count="1"/>
      <line num="197" type="stmt" count="1"/>
      <line num="208" type="method" name="gravity" visibility="public" complexity="1" crap="1" count="3"/>
      <line num="210" type="stmt" count="3"/>
      <line num="211" type="stmt" count="2"/>
      <line num="212" type="stmt" count="2"/>
      <line num="228" type="method" name="density" visibility="public" complexity="1" crap="1" count="16"/>
      <line num="230" type="stmt" count="16"/>
      <line num="231" type="stmt" count="11"/>
      <line num="232" type="stmt" count="11"/>
      <line num="245" type="method" name="profile" visibility="public" complexity="1" crap="1" count="9"/>
      <line num="247" type="stmt" count="9"/>
      <line num="248" type="stmt" count="6"/>
      <line num="249" type="stmt" count="6"/>
      <line num="262" type="method" name="removeProfile" visibility="public" complexity="1" crap="1" count="1"/>
      <line num="264" type="stmt" count="1"/>
      <line num="265" type="stmt" count="1"/>
      <line num="266" type="stmt" count="1"/>
      <line num="280" type="method" name="changeProfile" visibility="public" complexity="3" crap="3" count="4"/>
      <line num="282" type="stmt" count="4"/>
      <line num="284" type="stmt" count="4"/>
      <line num="285" type="stmt" count="1"/>
      <line num="286" type="stmt" count="1"/>
      <line num="287" type="stmt" count="1"/>
      <line num="290" type="stmt" count="3"/>
      <line num="291" type="stmt" count="1"/>
      <line num="292" type="stmt" count="1"/>
      <line num="293" type="stmt" count="1"/>
      <line num="296" type="stmt" count="2"/>
      <line num="310" type="method" name="rotate" visibility="public" complexity="1" crap="1" count="4"/>
      <line num="312" type="stmt" count="4"/>
      <line num="313" type="stmt" count="3"/>
      <line num="314" type="stmt" count="3"/>
      <line num="315" type="stmt" count="3"/>
      <line num="326" type="method" name="background" visibility="public" complexity="1" crap="1" count="7"/>
      <line num="328" type="stmt" count="7"/>
      <line num="329" type="stmt" count="6"/>
      <line num="330" type="stmt" count="6"/>
      <line num="347" type="method" name="resample" visibility="public" complexity="5" crap="5.07" count="10"/>
      <line num="349" type="stmt" count="10"/>
      <line num="350" type="stmt" count="10"/>
      <line num="352" type="stmt" count="7"/>
      <line num="353" type="stmt" count="0"/>
      <line num="356" type="stmt" count="7"/>
      <line num="357" type="stmt" count="5"/>
      <line num="358" type="stmt" count="4"/>
      <line num="371" type="method" name="size" visibility="public" complexity="1" crap="1" count="3"/>
      <line num="373" type="stmt" count="3"/>
      <line num="374" type="stmt" count="2"/>
      <line num="375" type="stmt" count="2"/>
      <line num="383" type="method" name="flatten" visibility="public" complexity="1" crap="1" count="2"/>
      <line num="385" type="stmt" count="2"/>
      <line num="386" type="stmt" count="2"/>
      <line num="387" type="stmt" count="2"/>
      <line num="395" type="method" name="strip" visibility="public" complexity="1" crap="1" count="2"/>
      <line num="397" type="stmt" count="2"/>
      <line num="398" type="stmt" count="2"/>
      <line num="399" type="stmt" count="2"/>
      <line num="407" type="method" name="flip" visibility="public" complexity="1" crap="1" count="2"/>
      <line num="409" type="stmt" count="2"/>
      <line num="410" type="stmt" count="2"/>
      <line num="411" type="stmt" count="2"/>
      <line num="419" type="method" name="flop" visibility="public" complexity="1" crap="1" count="2"/>
      <line num="421" type="stmt" count="2"/>
      <line num="422" type="stmt" count="2"/>
      <line num="423" type="stmt" count="2"/>
      <line num="434" type="method" name="type" visibility="public" complexity="1" crap="1" count="3"/>
      <line num="436" type="stmt" count="3"/>
      <line num="437" type="stmt" count="2"/>
      <line num="438" type="stmt" count="2"/>
      <line num="449" type="method" name="layers" visibility="public" complexity="1" crap="1" count="2"/>
      <line num="451" type="stmt" count="2"/>
      <line num="452" type="stmt" count="1"/>
      <line num="453" type="stmt" count="1"/>
      <line num="472" type="method" name="resize" visibility="public" complexity="1" crap="1" count="8"/>
      <line num="479" type="stmt" count="8"/>
      <line num="480" type="stmt" count="5"/>
      <line num="481" type="stmt" count="4"/>
      <line num="498" type="method" name="crop" visibility="public" complexity="1" crap="1" count="8"/>
      <line num="500" type="stmt" count="8"/>
      <line num="501" type="stmt" count="4"/>
      <line num="502" type="stmt" count="4"/>
      <line num="515" type="method" name="quality" visibility="public" complexity="1" crap="1" count="5"/>
      <line num="517" type="stmt" count="5"/>
      <line num="518" type="stmt" count="2"/>
      <line num="519" type="stmt" count="2"/>
      <line num="530" type="method" name="colorspace" visibility="public" complexity="1" crap="1" count="3"/>
      <line num="532" type="stmt" count="3"/>
      <line num="533" type="stmt" count="2"/>
      <line num="534" type="stmt" count="2"/>
      <line num="545" type="method" name="sepia" visibility="public" complexity="1" crap="1" count="4"/>
      <line num="547" type="stmt" count="4"/>
      <line num="548" type="stmt" count="2"/>
      <line num="549" type="stmt" count="2"/>
      <line num="560" type="method" name="polaroid" visibility="public" complexity="1" crap="1" count="4"/>
      <line num="562" type="stmt" count="4"/>
      <line num="563" type="stmt" count="2"/>
      <line num="564" type="stmt" count="2"/>
      <line num="575" type="method" name="bordercolor" visibility="public" complexity="1" crap="1" count="5"/>
      <line num="577" type="stmt" count="5"/>
      <line num="578" type="stmt" count="4"/>
      <line num="579" type="stmt" count="4"/>
      <metrics loc="581" ncloc="304" classes="1" methods="27" coveredmethods="24" conditionals="0" coveredconditionals="0" statements="128" coveredstatements="106" elements="155" coveredelements="130"/>
    </file>
    <file name="/workspaces/karla/src/Karla/Program/Identify.php">
      <class name="Karla\Program\Identify" namespace="global">
        <metrics complexity="14" methods="5" coveredmethods="5" conditionals="0" coveredconditionals="0" statements="25" coveredstatements="25" elements="30" coveredelements="30"/>
      </class>
      <line num="44" type="method" name="in" visibility="public" complexity="3" crap="3" count="34"/>
      <line num="46" type="stmt" count="34"/>
      <line num="47" type="stmt" count="1"/>
      <line num="48" type="stmt" count="1"/>
      <line num="50" type="stmt" count="33"/>
      <line num="51" type="stmt" count="33"/>
      <line num="52" type="stmt" count="33"/>
      <line num="54" type="stmt" count="33"/>
      <line num="56" type="stmt" count="33"/>
      <line num="70" type="method" name="execute" visibility="public" complexity="6" crap="6" count="29"/>
      <line num="72" type="stmt" count="29"/>
      <line num="74" type="stmt" count="29"/>
      <line num="75" type="stmt" count="27"/>
      <line num="76" type="stmt" count="12"/>
      <line num="77" type="stmt" count="12"/>
      <line num="79" type="stmt" count="15"/>
      <line num="80" type="stmt" count="15"/>
      <line num="83" type="stmt" count="2"/>
      <line num="84" type="stmt" count="2"/>
      <line num="92" type="method" name="verbose" visibility="public" complexity="1" crap="1" count="14"/>
      <line num="94" type="stmt" count="14"/>
      <line num="95" type="stmt" count="14"/>
      <line num="97" type="stmt" count="14"/>
      <line num="106" type="method" name="getCommand" visibility="public" complexity="3" crap="3" count="32"/>
      <line num="108" type="stmt" count="32"/>
      <line num="109" type="stmt" count="32"/>
      <line num="111" type="stmt" count="32"/>
      <line num="125" type="method" name="raw" visibility="public" complexity="1" crap="1" count="1"/>
      <line num="127" type="stmt" count="1"/>
      <line num="129" type="stmt" count="1"/>
      <metrics loc="131" ncloc="65" classes="1" methods="5" coveredmethods="5" conditionals="0" coveredconditionals="0" statements="25" coveredstatements="25" elements="30" coveredelements="30"/>
    </file>
    <file name="/workspaces/karla/src/Karla/Program/ImageMagick.php">
      <class name="Karla\Program\ImageMagick" namespace="global">
        <metrics complexity="14" methods="8" coveredmethods="5" conditionals="0" coveredconditionals="0" statements="29" coveredstatements="25" elements="37" coveredelements="30"/>
      </class>
      <line num="28" type="stmt" count="1"/>
      <line num="148" type="method" name="__construct" visibility="public" complexity="3" crap="3.07" count="142"/>
      <line num="150" type="stmt" count="142"/>
      <line num="151" type="stmt" count="0"/>
      <line num="153" type="stmt" count="142"/>
      <line num="154" type="stmt" count="0"/>
      <line num="156" type="stmt" count="142"/>
      <line num="157" type="stmt" count="142"/>
      <line num="158" type="stmt" count="142"/>
      <line num="159" type="stmt" count="142"/>
      <line num="160" type="stmt" count="142"/>
      <line num="161" type="stmt" count="142"/>
      <line num="168" type="method" name="getQuery" visibility="public" complexity="1" crap="1" count="142"/>
      <line num="170" type="stmt" count="142"/>
      <line num="181" type="method" name="setQuery" visibility="public" complexity="1" crap="1" count="56"/>
      <line num="183" type="stmt" count="56"/>
      <line num="184" type="stmt" count="56"/>
      <line num="191" type="method" name="__clone" visibility="public" complexity="1" crap="1" count="3"/>
      <line num="193" type="stmt" count="3"/>
      <line num="201" type="method" name="getCommand" visibility="public" complexity="1" crap="1" count="1"/>
      <line num="203" type="stmt" count="1"/>
      <line num="214" type="method" name="execute" visibility="public" complexity="2" crap="2.06" count="29"/>
      <line num="216" type="stmt" count="29"/>
      <line num="217" type="stmt" count="29"/>
      <line num="218" type="stmt" count="0"/>
      <line num="221" type="stmt" count="29"/>
      <line num="234" type="method" name="raw" visibility="public" complexity="2" crap="2.06" count="3"/>
      <line num="236" type="stmt" count="3"/>
      <line num="237" type="stmt" count="3"/>
      <line num="239" type="stmt" count="0"/>
      <line num="241" type="stmt" count="3"/>
      <line num="251" type="method" name="validProgram" visibility="public" complexity="3" crap="3" count="4"/>
      <line num="253" type="stmt" count="4"/>
      <line num="254" type="stmt" count="4"/>
      <line num="255" type="stmt" count="4"/>
      <line num="256" type="stmt" count="4"/>
      <line num="257" type="stmt" count="4"/>
      <line num="261" type="stmt" count="3"/>
      <metrics loc="263" ncloc="108" classes="1" methods="8" coveredmethods="5" conditionals="0" coveredconditionals="0" statements="30" coveredstatements="26" elements="38" coveredelements="31"/>
    </file>
    <file name="/workspaces/karla/src/Karla/Query.php">
      <class name="Karla\Query" namespace="global">
        <metrics complexity="20" methods="9" coveredmethods="8" conditionals="0" coveredconditionals="0" statements="36" coveredstatements="35" elements="45" coveredelements="43"/>
      </class>
      <line num="71" type="method" name="setInputOption" visibility="public" complexity="2" crap="2" count="57"/>
      <line num="73" type="stmt" count="57"/>
      <line num="74" type="stmt" count="54"/>
      <line num="75" type="stmt" count="54"/>
      <line num="77" type="stmt" count="57"/>
      <line num="84" type="method" name="getInputOptions" visibility="public" complexity="1" crap="1" count="65"/>
      <line num="86" type="stmt" count="65"/>
      <line num="97" type="method" name="setOutputOption" visibility="public" complexity="2" crap="2" count="16"/>
      <line num="99" type="stmt" count="16"/>
      <line num="100" type="stmt" count="16"/>
      <line num="101" type="stmt" count="16"/>
      <line num="103" type="stmt" count="16"/>
      <line num="110" type="method" name="getOutputOptions" visibility="public" complexity="1" crap="1" count="33"/>
      <line num="112" type="stmt" count="33"/>
      <line num="122" type="method" name="dirty" visibility="public" complexity="1" crap="1" count="123"/>
      <line num="124" type="stmt" count="123"/>
      <line num="125" type="stmt" count="123"/>
      <line num="132" type="method" name="reset" visibility="public" complexity="1" crap="1" count="142"/>
      <line num="134" type="stmt" count="142"/>
      <line num="135" type="stmt" count="142"/>
      <line num="136" type="stmt" count="142"/>
      <line num="137" type="stmt" count="142"/>
      <line num="149" type="method" name="isOptionSet" visibility="public" complexity="3" crap="3" count="81"/>
      <line num="151" type="stmt" count="81"/>
      <line num="152" type="stmt" count="38"/>
      <line num="153" type="stmt" count="35"/>
      <line num="157" type="stmt" count="81"/>
      <line num="168" type="method" name="notWith" visibility="public" complexity="5" crap="5" count="66"/>
      <line num="170" type="stmt" count="66"/>
      <line num="171" type="stmt" count="56"/>
      <line num="172" type="stmt" count="18"/>
      <line num="173" type="stmt" count="56"/>
      <line num="175" type="stmt" count="21"/>
      <line num="176" type="stmt" count="21"/>
      <line num="177" type="stmt" count="5"/>
      <line num="178" type="stmt" count="5"/>
      <line num="181" type="stmt" count="66"/>
      <line num="191" type="method" name="prepareOptions" visibility="public" complexity="4" crap="4.05" count="65"/>
      <line num="193" type="stmt" count="65"/>
      <line num="194" type="stmt" count="44"/>
      <line num="195" type="stmt" count="0"/>
      <line num="198" type="stmt" count="65"/>
      <line num="199" type="stmt" count="65"/>
      <line num="200" type="stmt" count="52"/>
      <line num="203" type="stmt" count="44"/>
      <metrics loc="205" ncloc="97" classes="1" methods="9" coveredmethods="8" conditionals="0" coveredconditionals="0" statements="36" coveredstatements="35" elements="45" coveredelements="43"/>
    </file>
    <file name="/workspaces/karla/src/Karla/Support.php">
      <class name="Karla\Support" namespace="global">
        <metrics complexity="27" methods="5" coveredmethods="0" conditionals="0" coveredconditionals="0" statements="51" coveredstatements="32" elements="56" coveredelements="32"/>
      </class>
      <line num="43" type="method" name="gravity" visibility="public" complexity="5" crap="5.20" count="3"/>
      <line num="45" type="stmt" count="3"/>
      <line num="46" type="stmt" count="0"/>
      <line num="47" type="stmt" count="0"/>
      <line num="49" type="stmt" count="3"/>
      <line num="50" type="stmt" count="3"/>
      <line num="51" type="stmt" count="3"/>
      <line num="52" type="stmt" count="3"/>
      <line num="53" type="stmt" count="3"/>
      <line num="54" type="stmt" count="3"/>
      <line num="57" type="stmt" count="3"/>
      <line num="70" type="method" name="imageTypes" visibility="public" complexity="5" crap="5.20" count="3"/>
      <line num="72" type="stmt" count="3"/>
      <line num="73" type="stmt" count="0"/>
      <line num="74" type="stmt" count="0"/>
      <line num="76" type="stmt" count="3"/>
      <line num="77" type="stmt" count="3"/>
      <line num="78" type="stmt" count="3"/>
      <line num="79" type="stmt" count="3"/>
      <line num="80" type="stmt" count="3"/>
      <line num="81" type="stmt" count="3"/>
      <line num="84" type="stmt" count="3"/>
      <line num="97" type="method" name="colorSpace" visibility="public" complexity="5" crap="5.20" count="3"/>
      <line num="99" type="stmt" count="3"/>
      <line num="100" type="stmt" count="0"/>
      <line num="101" type="stmt" count="0"/>
      <line num="103" type="stmt" count="3"/>
      <line num="104" type="stmt" count="3"/>
      <line num="105" type="stmt" count="3"/>
      <line num="106" type="stmt" count="3"/>
      <line num="107" type="stmt" count="3"/>
      <line num="108" type="stmt" count="3"/>
      <line num="111" type="stmt" count="3"/>
      <line num="125" type="method" name="layerMethod" visibility="public" complexity="5" crap="5.03" count="2"/>
      <line num="127" type="stmt" count="2"/>
      <line num="128" type="stmt" count="0"/>
      <line num="130" type="stmt" count="2"/>
      <line num="131" type="stmt" count="2"/>
      <line num="132" type="stmt" count="2"/>
      <line num="133" type="stmt" count="2"/>
      <line num="134" type="stmt" count="2"/>
      <line num="135" type="stmt" count="2"/>
      <line num="138" type="stmt" count="2"/>
      <line num="152" type="method" name="supportedFormat" visibility="public" complexity="7" crap="56" count="0"/>
      <line num="154" type="stmt" count="0"/>
      <line num="155" type="stmt" count="0"/>
      <line num="157" type="stmt" count="0"/>
      <line num="158" type="stmt" count="0"/>
      <line num="159" type="stmt" count="0"/>
      <line num="160" type="stmt" count="0"/>
      <line num="161" type="stmt" count="0"/>
      <line num="162" type="stmt" count="0"/>
      <line num="163" type="stmt" count="0"/>
      <line num="164" type="stmt" count="0"/>
      <line num="165" type="stmt" count="0"/>
      <line num="169" type="stmt" count="0"/>
      <metrics loc="171" ncloc="99" classes="1" methods="5" coveredmethods="0" conditionals="0" coveredconditionals="0" statements="51" coveredstatements="32" elements="56" coveredelements="32"/>
    </file>
    <metrics files="33" loc="4044" ncloc="1905" classes="30" methods="134" coveredmethods="102" conditionals="0" coveredconditionals="0" statements="705" coveredstatements="593" elements="839" coveredelements="695"/>
  </project>
</coverage>
