<?xml version="1.0" encoding="UTF-8"?>
<coverage generated="1368259947">
  <project timestamp="1368259947">
    <file name="/Users/joe/Sites/Karla/src/Karla.php">
      <class name="Karla" namespace="global" fullPackage="Karla.Karla" category="Utility" package="Karla" subpackage="Karla">
        <metrics methods="9" coveredmethods="8" conditionals="0" coveredconditionals="0" statements="49" coveredstatements="32" elements="58" coveredelements="40"/>
      </class>
      <line num="0" type="stmt" count="1"/>
      <line num="58" type="method" name="getInstance" crap="3.04" count="38"/>
      <line num="60" type="stmt" count="38"/>
      <line num="62" type="stmt" count="38"/>
      <line num="63" type="stmt" count="38"/>
      <line num="64" type="stmt" count="0"/>
      <line num="66" type="stmt" count="38"/>
      <line num="68" type="stmt" count="38"/>
      <line num="78" type="method" name="autoload" crap="4.25" count="4"/>
      <line num="80" type="stmt" count="4"/>
      <line num="81" type="stmt" count="0"/>
      <line num="83" type="stmt" count="4"/>
      <line num="84" type="stmt" count="4"/>
      <line num="86" type="stmt" count="4"/>
      <line num="87" type="stmt" count="4"/>
      <line num="89" type="stmt" count="4"/>
      <line num="92" type="stmt" count="0"/>
      <line num="100" type="method" name="getPath" crap="2" count="4"/>
      <line num="102" type="stmt" count="4"/>
      <line num="103" type="stmt" count="4"/>
      <line num="104" type="stmt" count="4"/>
      <line num="106" type="stmt" count="4"/>
      <line num="118" type="method" name="__construct" crap="3.21" count="38"/>
      <line num="120" type="stmt" count="38"/>
      <line num="121" type="stmt" count="0"/>
      <line num="124" type="stmt" count="38"/>
      <line num="125" type="stmt" count="0"/>
      <line num="127" type="stmt" count="38"/>
      <line num="128" type="stmt" count="38"/>
      <line num="129" type="stmt" count="38"/>
      <line num="143" type="method" name="raw" crap="3.14" count="1"/>
      <line num="145" type="stmt" count="1"/>
      <line num="146" type="stmt" count="0"/>
      <line num="148" type="stmt" count="1"/>
      <line num="150" type="stmt" count="1"/>
      <line num="157" type="method" name="convert" crap="2" count="24"/>
      <line num="159" type="stmt" count="24"/>
      <line num="160" type="stmt" count="24"/>
      <line num="162" type="stmt" count="24"/>
      <line num="170" type="method" name="identify" crap="2" count="11"/>
      <line num="172" type="stmt" count="11"/>
      <line num="173" type="stmt" count="11"/>
      <line num="175" type="stmt" count="11"/>
      <line num="182" type="method" name="composite" crap="2" count="1"/>
      <line num="184" type="stmt" count="1"/>
      <line num="185" type="stmt" count="1"/>
      <line num="187" type="stmt" count="1"/>
      <line num="200" type="method" name="createBackgroundImage" crap="12" count="0"/>
      <line num="202" type="stmt" count="0"/>
      <line num="203" type="stmt" count="0"/>
      <line num="204" type="stmt" count="0"/>
      <line num="205" type="stmt" count="0"/>
      <line num="206" type="stmt" count="0"/>
      <line num="207" type="stmt" count="0"/>
      <line num="208" type="stmt" count="0"/>
      <line num="209" type="stmt" count="0"/>
      <line num="212" type="stmt" count="0"/>
      <line num="215" type="stmt" count="0"/>
      <line num="217" type="stmt" count="0"/>
      <metrics loc="219" ncloc="110" classes="1" methods="9" coveredmethods="4" conditionals="0" coveredconditionals="0" statements="49" coveredstatements="32" elements="58" coveredelements="36"/>
    </file>
    <file name="/Users/joe/Sites/Karla/src/Karla/Composite.php">
      <class name="Composite" namespace="global" fullPackage="Karla.Karla" category="Utility" package="Karla" subpackage="Karla">
        <metrics methods="5" coveredmethods="0" conditionals="0" coveredconditionals="0" statements="6" coveredstatements="0" elements="11" coveredelements="0"/>
      </class>
      <line num="31" type="method" name="basefile" crap="2" count="0"/>
      <line num="33" type="stmt" count="0"/>
      <line num="40" type="method" name="changefile" crap="2" count="0"/>
      <line num="42" type="stmt" count="0"/>
      <line num="50" type="method" name="outputfile" crap="2" count="0"/>
      <line num="52" type="stmt" count="0"/>
      <line num="64" type="method" name="raw" crap="2" count="0"/>
      <line num="66" type="stmt" count="0"/>
      <line num="68" type="stmt" count="0"/>
      <line num="80" type="method" name="gravity" crap="2" count="0"/>
      <line num="82" type="stmt" count="0"/>
      <line num="85" type="stmt" count="1"/>
      <metrics loc="84" ncloc="29" classes="1" methods="5" coveredmethods="0" conditionals="0" coveredconditionals="0" statements="6" coveredstatements="0" elements="11" coveredelements="0"/>
    </file>
    <file name="/Users/joe/Sites/Karla/src/Karla/Convert.php">
      <class name="Convert" namespace="global" fullPackage="Karla.Karla" category="Utility" package="Karla" subpackage="Karla">
        <metrics methods="31" coveredmethods="22" conditionals="0" coveredconditionals="0" statements="289" coveredstatements="147" elements="320" coveredelements="169"/>
      </class>
      <line num="45" type="method" name="inputfile" crap="3.14" count="22"/>
      <line num="47" type="stmt" count="22"/>
      <line num="49" type="stmt" count="0"/>
      <line num="50" type="stmt" count="0"/>
      <line num="53" type="stmt" count="22"/>
      <line num="54" type="stmt" count="22"/>
      <line num="55" type="stmt" count="22"/>
      <line num="56" type="stmt" count="22"/>
      <line num="58" type="stmt" count="22"/>
      <line num="70" type="method" name="outputfile" crap="5.63" count="22"/>
      <line num="72" type="stmt" count="22"/>
      <line num="73" type="stmt" count="22"/>
      <line num="74" type="stmt" count="0"/>
      <line num="75" type="stmt" count="0"/>
      <line num="76" type="stmt" count="0"/>
      <line num="78" type="stmt" count="22"/>
      <line num="79" type="stmt" count="0"/>
      <line num="80" type="stmt" count="0"/>
      <line num="81" type="stmt" count="0"/>
      <line num="83" type="stmt" count="22"/>
      <line num="84" type="stmt" count="22"/>
      <line num="85" type="stmt" count="22"/>
      <line num="87" type="stmt" count="0"/>
      <line num="89" type="stmt" count="22"/>
      <line num="91" type="stmt" count="22"/>
      <line num="102" type="method" name="background" crap="2.03" count="1"/>
      <line num="104" type="stmt" count="1"/>
      <line num="105" type="stmt" count="0"/>
      <line num="107" type="stmt" count="1"/>
      <line num="108" type="stmt" count="1"/>
      <line num="110" type="stmt" count="1"/>
      <line num="122" type="method" name="removeProfile" crap="1" count="1"/>
      <line num="124" type="stmt" count="1"/>
      <line num="125" type="stmt" count="1"/>
      <line num="127" type="stmt" count="1"/>
      <line num="142" type="method" name="resample" crap="36.11" count="3"/>
      <line num="144" type="stmt" count="3"/>
      <line num="145" type="stmt" count="0"/>
      <line num="147" type="stmt" count="3"/>
      <line num="148" type="stmt" count="0"/>
      <line num="150" type="stmt" count="3"/>
      <line num="151" type="stmt" count="0"/>
      <line num="153" type="stmt" count="3"/>
      <line num="155" type="stmt" count="0"/>
      <line num="156" type="stmt" count="0"/>
      <line num="158" type="stmt" count="3"/>
      <line num="160" type="stmt" count="0"/>
      <line num="161" type="stmt" count="0"/>
      <line num="163" type="stmt" count="3"/>
      <line num="165" type="stmt" count="0"/>
      <line num="166" type="stmt" count="0"/>
      <line num="168" type="stmt" count="3"/>
      <line num="170" type="stmt" count="0"/>
      <line num="171" type="stmt" count="0"/>
      <line num="174" type="stmt" count="3"/>
      <line num="175" type="stmt" count="1"/>
      <line num="176" type="stmt" count="1"/>
      <line num="177" type="stmt" count="3"/>
      <line num="178" type="stmt" count="0"/>
      <line num="179" type="stmt" count="0"/>
      <line num="180" type="stmt" count="3"/>
      <line num="181" type="stmt" count="3"/>
      <line num="182" type="stmt" count="1"/>
      <line num="183" type="stmt" count="3"/>
      <line num="184" type="stmt" count="2"/>
      <line num="185" type="stmt" count="2"/>
      <line num="186" type="stmt" count="3"/>
      <line num="187" type="stmt" count="3"/>
      <line num="188" type="stmt" count="3"/>
      <line num="190" type="stmt" count="3"/>
      <line num="199" type="method" name="getCommand" crap="7" count="23"/>
      <line num="201" type="stmt" count="23"/>
      <line num="202" type="stmt" count="1"/>
      <line num="204" type="stmt" count="22"/>
      <line num="205" type="stmt" count="1"/>
      <line num="208" type="stmt" count="21"/>
      <line num="209" type="stmt" count="21"/>
      <line num="210" type="stmt" count="21"/>
      <line num="211" type="stmt" count="21"/>
      <line num="212" type="stmt" count="21"/>
      <line num="213" type="stmt" count="21"/>
      <line num="215" type="stmt" count="21"/>
      <line num="216" type="stmt" count="21"/>
      <line num="225" type="method" name="reset" crap="1" count="24"/>
      <line num="227" type="stmt" count="24"/>
      <line num="228" type="stmt" count="24"/>
      <line num="229" type="stmt" count="24"/>
      <line num="230" type="stmt" count="24"/>
      <line num="238" type="method" name="execute" crap="20" count="0"/>
      <line num="240" type="stmt" count="0"/>
      <line num="241" type="stmt" count="0"/>
      <line num="242" type="stmt" count="0"/>
      <line num="243" type="stmt" count="0"/>
      <line num="245" type="stmt" count="0"/>
      <line num="247" type="stmt" count="0"/>
      <line num="248" type="stmt" count="0"/>
      <line num="249" type="stmt" count="0"/>
      <line num="251" type="stmt" count="0"/>
      <line num="253" type="stmt" count="0"/>
      <line num="255" type="stmt" count="0"/>
      <line num="267" type="method" name="size" crap="4.32" count="1"/>
      <line num="269" type="stmt" count="1"/>
      <line num="270" type="stmt" count="0"/>
      <line num="272" type="stmt" count="1"/>
      <line num="273" type="stmt" count="0"/>
      <line num="274" type="stmt" count="0"/>
      <line num="276" type="stmt" count="1"/>
      <line num="278" type="stmt" count="1"/>
      <line num="280" type="stmt" count="1"/>
      <line num="281" type="stmt" count="1"/>
      <line num="282" type="stmt" count="1"/>
      <line num="284" type="stmt" count="1"/>
      <line num="297" type="method" name="density" crap="1" count="2"/>
      <line num="299" type="stmt" count="2"/>
      <line num="311" type="method" name="flatten" crap="3.79" count="1"/>
      <line num="313" type="stmt" count="1"/>
      <line num="314" type="stmt" count="0"/>
      <line num="315" type="stmt" count="0"/>
      <line num="317" type="stmt" count="1"/>
      <line num="318" type="stmt" count="0"/>
      <line num="319" type="stmt" count="0"/>
      <line num="321" type="stmt" count="1"/>
      <line num="322" type="stmt" count="1"/>
      <line num="324" type="stmt" count="1"/>
      <line num="336" type="method" name="strip" crap="3.79" count="1"/>
      <line num="338" type="stmt" count="1"/>
      <line num="339" type="stmt" count="0"/>
      <line num="340" type="stmt" count="0"/>
      <line num="342" type="stmt" count="1"/>
      <line num="343" type="stmt" count="0"/>
      <line num="344" type="stmt" count="0"/>
      <line num="346" type="stmt" count="1"/>
      <line num="347" type="stmt" count="1"/>
      <line num="349" type="stmt" count="1"/>
      <line num="357" type="method" name="flip" crap="6" count="0"/>
      <line num="359" type="stmt" count="0"/>
      <line num="360" type="stmt" count="0"/>
      <line num="361" type="stmt" count="0"/>
      <line num="363" type="stmt" count="0"/>
      <line num="364" type="stmt" count="0"/>
      <line num="366" type="stmt" count="0"/>
      <line num="378" type="method" name="rotate" crap="6" count="0"/>
      <line num="380" type="stmt" count="0"/>
      <line num="381" type="stmt" count="0"/>
      <line num="382" type="stmt" count="0"/>
      <line num="384" type="stmt" count="0"/>
      <line num="385" type="stmt" count="0"/>
      <line num="386" type="stmt" count="0"/>
      <line num="388" type="stmt" count="0"/>
      <line num="397" type="method" name="flop" crap="6" count="0"/>
      <line num="399" type="stmt" count="0"/>
      <line num="400" type="stmt" count="0"/>
      <line num="401" type="stmt" count="0"/>
      <line num="403" type="stmt" count="0"/>
      <line num="404" type="stmt" count="0"/>
      <line num="406" type="stmt" count="0"/>
      <line num="418" type="method" name="type" crap="12" count="0"/>
      <line num="420" type="stmt" count="0"/>
      <line num="421" type="stmt" count="0"/>
      <line num="422" type="stmt" count="0"/>
      <line num="424" type="stmt" count="0"/>
      <line num="426" type="stmt" count="0"/>
      <line num="427" type="stmt" count="0"/>
      <line num="429" type="stmt" count="0"/>
      <line num="430" type="stmt" count="0"/>
      <line num="432" type="stmt" count="0"/>
      <line num="443" type="method" name="profile" crap="2.15" count="2"/>
      <line num="445" type="stmt" count="2"/>
      <line num="447" type="stmt" count="0"/>
      <line num="448" type="stmt" count="0"/>
      <line num="450" type="stmt" count="2"/>
      <line num="451" type="stmt" count="2"/>
      <line num="453" type="stmt" count="2"/>
      <line num="466" type="method" name="changeProfile" crap="6.00" count="1"/>
      <line num="468" type="stmt" count="1"/>
      <line num="469" type="stmt" count="0"/>
      <line num="470" type="stmt" count="0"/>
      <line num="472" type="stmt" count="1"/>
      <line num="474" type="stmt" count="0"/>
      <line num="475" type="stmt" count="0"/>
      <line num="477" type="stmt" count="1"/>
      <line num="479" type="stmt" count="0"/>
      <line num="480" type="stmt" count="0"/>
      <line num="482" type="stmt" count="1"/>
      <line num="483" type="stmt" count="1"/>
      <line num="485" type="stmt" count="1"/>
      <line num="496" type="method" name="layers" crap="2.15" count="1"/>
      <line num="498" type="stmt" count="1"/>
      <line num="499" type="stmt" count="0"/>
      <line num="500" type="stmt" count="0"/>
      <line num="502" type="stmt" count="1"/>
      <line num="503" type="stmt" count="1"/>
      <line num="505" type="stmt" count="1"/>
      <line num="520" type="method" name="resize" crap="16.78" count="1"/>
      <line num="522" type="stmt" count="1"/>
      <line num="523" type="stmt" count="0"/>
      <line num="525" type="stmt" count="1"/>
      <line num="526" type="stmt" count="0"/>
      <line num="527" type="stmt" count="0"/>
      <line num="529" type="stmt" count="1"/>
      <line num="530" type="stmt" count="0"/>
      <line num="531" type="stmt" count="0"/>
      <line num="533" type="stmt" count="1"/>
      <line num="534" type="stmt" count="0"/>
      <line num="535" type="stmt" count="0"/>
      <line num="538" type="stmt" count="1"/>
      <line num="540" type="stmt" count="1"/>
      <line num="541" type="stmt" count="1"/>
      <line num="542" type="stmt" count="1"/>
      <line num="544" type="stmt" count="1"/>
      <line num="545" type="stmt" count="1"/>
      <line num="546" type="stmt" count="1"/>
      <line num="548" type="stmt" count="1"/>
      <line num="549" type="stmt" count="0"/>
      <line num="550" type="stmt" count="0"/>
      <line num="551" type="stmt" count="1"/>
      <line num="552" type="stmt" count="1"/>
      <line num="553" type="stmt" count="1"/>
      <line num="554" type="stmt" count="1"/>
      <line num="555" type="stmt" count="1"/>
      <line num="556" type="stmt" count="1"/>
      <line num="558" type="stmt" count="1"/>
      <line num="573" type="method" name="crop" crap="23.72" count="2"/>
      <line num="575" type="stmt" count="2"/>
      <line num="576" type="stmt" count="0"/>
      <line num="578" type="stmt" count="2"/>
      <line num="579" type="stmt" count="0"/>
      <line num="580" type="stmt" count="0"/>
      <line num="582" type="stmt" count="2"/>
      <line num="583" type="stmt" count="0"/>
      <line num="584" type="stmt" count="0"/>
      <line num="586" type="stmt" count="2"/>
      <line num="587" type="stmt" count="0"/>
      <line num="588" type="stmt" count="0"/>
      <line num="590" type="stmt" count="2"/>
      <line num="591" type="stmt" count="0"/>
      <line num="592" type="stmt" count="0"/>
      <line num="594" type="stmt" count="2"/>
      <line num="595" type="stmt" count="0"/>
      <line num="596" type="stmt" count="0"/>
      <line num="599" type="stmt" count="2"/>
      <line num="601" type="stmt" count="2"/>
      <line num="602" type="stmt" count="2"/>
      <line num="603" type="stmt" count="2"/>
      <line num="604" type="stmt" count="0"/>
      <line num="607" type="stmt" count="2"/>
      <line num="608" type="stmt" count="2"/>
      <line num="609" type="stmt" count="2"/>
      <line num="610" type="stmt" count="0"/>
      <line num="614" type="stmt" count="2"/>
      <line num="615" type="stmt" count="2"/>
      <line num="616" type="stmt" count="2"/>
      <line num="618" type="stmt" count="2"/>
      <line num="632" type="method" name="quality" crap="90" count="0"/>
      <line num="634" type="stmt" count="0"/>
      <line num="635" type="stmt" count="0"/>
      <line num="637" type="stmt" count="0"/>
      <line num="638" type="stmt" count="0"/>
      <line num="639" type="stmt" count="0"/>
      <line num="641" type="stmt" count="0"/>
      <line num="642" type="stmt" count="0"/>
      <line num="643" type="stmt" count="0"/>
      <line num="645" type="stmt" count="0"/>
      <line num="646" type="stmt" count="0"/>
      <line num="647" type="stmt" count="0"/>
      <line num="649" type="stmt" count="0"/>
      <line num="650" type="stmt" count="0"/>
      <line num="652" type="stmt" count="0"/>
      <line num="664" type="method" name="gravity" crap="1" count="1"/>
      <line num="666" type="stmt" count="1"/>
      <line num="678" type="method" name="colorspace" crap="3.47" count="1"/>
      <line num="680" type="stmt" count="1"/>
      <line num="681" type="stmt" count="0"/>
      <line num="683" type="stmt" count="1"/>
      <line num="685" type="stmt" count="0"/>
      <line num="686" type="stmt" count="0"/>
      <line num="688" type="stmt" count="1"/>
      <line num="689" type="stmt" count="1"/>
      <line num="691" type="stmt" count="1"/>
      <line num="702" type="method" name="sepia" crap="12" count="0"/>
      <line num="704" type="stmt" count="0"/>
      <line num="705" type="stmt" count="0"/>
      <line num="707" type="stmt" count="0"/>
      <line num="709" type="stmt" count="0"/>
      <line num="710" type="stmt" count="0"/>
      <line num="712" type="stmt" count="0"/>
      <line num="713" type="stmt" count="0"/>
      <line num="715" type="stmt" count="0"/>
      <line num="726" type="method" name="polaroid" crap="12" count="0"/>
      <line num="728" type="stmt" count="0"/>
      <line num="729" type="stmt" count="0"/>
      <line num="731" type="stmt" count="0"/>
      <line num="733" type="stmt" count="0"/>
      <line num="734" type="stmt" count="0"/>
      <line num="736" type="stmt" count="0"/>
      <line num="737" type="stmt" count="0"/>
      <line num="739" type="stmt" count="0"/>
      <line num="749" type="method" name="borderColor" crap="6.29" count="3"/>
      <line num="751" type="stmt" count="3"/>
      <line num="752" type="stmt" count="0"/>
      <line num="754" type="stmt" count="3"/>
      <line num="755" type="stmt" count="3"/>
      <line num="756" type="stmt" count="1"/>
      <line num="757" type="stmt" count="1"/>
      <line num="758" type="stmt" count="2"/>
      <line num="760" type="stmt" count="3"/>
      <line num="762" type="stmt" count="3"/>
      <line num="764" type="stmt" count="0"/>
      <line num="777" type="method" name="raw" crap="2" count="0"/>
      <line num="779" type="stmt" count="0"/>
      <line num="781" type="stmt" count="0"/>
      <line num="791" type="method" name="validHexColor" crap="1" count="3"/>
      <line num="793" type="stmt" count="3"/>
      <line num="795" type="stmt" count="3"/>
      <line num="804" type="method" name="validColorName" crap="1" count="3"/>
      <line num="807" type="stmt" count="3"/>
      <line num="809" type="stmt" count="3"/>
      <line num="819" type="method" name="validRgbColor" crap="1" count="2"/>
      <line num="824" type="stmt" count="2"/>
      <line num="826" type="stmt" count="2"/>
      <line num="829" type="stmt" count="1"/>
      <metrics loc="828" ncloc="523" classes="1" methods="31" coveredmethods="8" conditionals="0" coveredconditionals="0" statements="289" coveredstatements="147" elements="320" coveredelements="155"/>
    </file>
    <file name="/Users/joe/Sites/Karla/src/Karla/Identify.php">
      <class name="Identify" namespace="global" fullPackage="Karla.Karla" category="Utility" package="Karla" subpackage="Karla">
        <metrics methods="6" coveredmethods="5" conditionals="0" coveredconditionals="0" statements="27" coveredstatements="26" elements="33" coveredelements="31"/>
      </class>
      <line num="40" type="method" name="inputfile" crap="3" count="10"/>
      <line num="42" type="stmt" count="10"/>
      <line num="44" type="stmt" count="1"/>
      <line num="45" type="stmt" count="1"/>
      <line num="47" type="stmt" count="9"/>
      <line num="48" type="stmt" count="9"/>
      <line num="49" type="stmt" count="9"/>
      <line num="50" type="stmt" count="9"/>
      <line num="51" type="stmt" count="9"/>
      <line num="53" type="stmt" count="9"/>
      <line num="65" type="method" name="execute" crap="3" count="4"/>
      <line num="67" type="stmt" count="4"/>
      <line num="68" type="stmt" count="4"/>
      <line num="69" type="stmt" count="2"/>
      <line num="70" type="stmt" count="2"/>
      <line num="71" type="stmt" count="4"/>
      <line num="72" type="stmt" count="2"/>
      <line num="75" type="stmt" count="2"/>
      <line num="82" type="method" name="verbose" crap="2" count="2"/>
      <line num="84" type="stmt" count="2"/>
      <line num="85" type="stmt" count="2"/>
      <line num="86" type="stmt" count="2"/>
      <line num="87" type="stmt" count="2"/>
      <line num="89" type="stmt" count="2"/>
      <line num="98" type="method" name="getCommand" crap="3" count="9"/>
      <line num="100" type="stmt" count="9"/>
      <line num="101" type="stmt" count="9"/>
      <line num="102" type="stmt" count="9"/>
      <line num="104" type="stmt" count="9"/>
      <line num="116" type="method" name="gravity" crap="1" count="2"/>
      <line num="118" type="stmt" count="2"/>
      <line num="133" type="method" name="density" crap="2" count="0"/>
      <line num="135" type="stmt" count="0"/>
      <line num="139" type="stmt" count="1"/>
      <metrics loc="138" ncloc="63" classes="1" methods="6" coveredmethods="5" conditionals="0" coveredconditionals="0" statements="27" coveredstatements="26" elements="33" coveredelements="31"/>
    </file>
    <file name="/Users/joe/Sites/Karla/src/Karla/ImageMagick.php">
      <class name="ImageMagick" namespace="global" fullPackage="Karla.Karla" category="Utility" package="Karla" subpackage="Karla">
        <metrics methods="18" coveredmethods="13" conditionals="0" coveredconditionals="0" statements="124" coveredstatements="76" elements="142" coveredelements="89"/>
      </class>
      <line num="134" type="method" name="__construct" crap="3.10" count="36"/>
      <line num="136" type="stmt" count="36"/>
      <line num="137" type="stmt" count="0"/>
      <line num="139" type="stmt" count="36"/>
      <line num="140" type="stmt" count="0"/>
      <line num="142" type="stmt" count="36"/>
      <line num="143" type="stmt" count="36"/>
      <line num="144" type="stmt" count="36"/>
      <line num="145" type="stmt" count="36"/>
      <line num="146" type="stmt" count="36"/>
      <line num="154" type="method" name="isDirty" crap="1" count="1"/>
      <line num="156" type="stmt" count="1"/>
      <line num="166" type="method" name="dirty" crap="1" count="32"/>
      <line num="168" type="stmt" count="32"/>
      <line num="169" type="stmt" count="32"/>
      <line num="176" type="method" name="__clone" crap="2" count="0"/>
      <line num="178" type="stmt" count="0"/>
      <line num="185" type="method" name="getCommand" crap="2" count="0"/>
      <line num="187" type="stmt" count="0"/>
      <line num="197" type="method" name="execute" crap="2" count="4"/>
      <line num="199" type="stmt" count="4"/>
      <line num="200" type="stmt" count="4"/>
      <line num="201" type="stmt" count="4"/>
      <line num="202" type="stmt" count="4"/>
      <line num="204" type="stmt" count="4"/>
      <line num="211" type="method" name="reset" crap="1" count="36"/>
      <line num="213" type="stmt" count="36"/>
      <line num="214" type="stmt" count="36"/>
      <line num="215" type="stmt" count="36"/>
      <line num="216" type="stmt" count="36"/>
      <line num="226" type="method" name="raw" crap="6" count="0"/>
      <line num="228" type="stmt" count="0"/>
      <line num="229" type="stmt" count="0"/>
      <line num="230" type="stmt" count="0"/>
      <line num="231" type="stmt" count="0"/>
      <line num="233" type="stmt" count="0"/>
      <line num="241" type="method" name="gravity" crap="3.21" count="1"/>
      <line num="243" type="stmt" count="1"/>
      <line num="244" type="stmt" count="0"/>
      <line num="246" type="stmt" count="1"/>
      <line num="247" type="stmt" count="1"/>
      <line num="248" type="stmt" count="1"/>
      <line num="250" type="stmt" count="1"/>
      <line num="252" type="stmt" count="0"/>
      <line num="266" type="method" name="density" crap="9.16" count="2"/>
      <line num="268" type="stmt" count="2"/>
      <line num="269" type="stmt" count="0"/>
      <line num="270" type="stmt" count="0"/>
      <line num="272" type="stmt" count="2"/>
      <line num="273" type="stmt" count="0"/>
      <line num="274" type="stmt" count="0"/>
      <line num="276" type="stmt" count="2"/>
      <line num="277" type="stmt" count="0"/>
      <line num="278" type="stmt" count="0"/>
      <line num="280" type="stmt" count="2"/>
      <line num="281" type="stmt" count="0"/>
      <line num="282" type="stmt" count="0"/>
      <line num="284" type="stmt" count="2"/>
      <line num="285" type="stmt" count="1"/>
      <line num="286" type="stmt" count="1"/>
      <line num="287" type="stmt" count="1"/>
      <line num="289" type="stmt" count="2"/>
      <line num="291" type="stmt" count="2"/>
      <line num="301" type="method" name="prepareOptions" crap="2" count="30"/>
      <line num="303" type="stmt" count="30"/>
      <line num="304" type="stmt" count="30"/>
      <line num="305" type="stmt" count="28"/>
      <line num="308" type="stmt" count="22"/>
      <line num="319" type="method" name="isOptionSet" crap="3" count="19"/>
      <line num="321" type="stmt" count="19"/>
      <line num="322" type="stmt" count="1"/>
      <line num="323" type="stmt" count="1"/>
      <line num="325" type="stmt" count="19"/>
      <line num="327" type="stmt" count="19"/>
      <line num="337" type="method" name="supportedColorSpace" crap="5.03" count="1"/>
      <line num="339" type="stmt" count="1"/>
      <line num="340" type="stmt" count="0"/>
      <line num="342" type="stmt" count="1"/>
      <line num="343" type="stmt" count="1"/>
      <line num="344" type="stmt" count="1"/>
      <line num="345" type="stmt" count="1"/>
      <line num="346" type="stmt" count="1"/>
      <line num="347" type="stmt" count="1"/>
      <line num="348" type="stmt" count="1"/>
      <line num="350" type="stmt" count="1"/>
      <line num="359" type="method" name="supportedImageTypes" crap="30" count="0"/>
      <line num="361" type="stmt" count="0"/>
      <line num="362" type="stmt" count="0"/>
      <line num="364" type="stmt" count="0"/>
      <line num="365" type="stmt" count="0"/>
      <line num="366" type="stmt" count="0"/>
      <line num="367" type="stmt" count="0"/>
      <line num="368" type="stmt" count="0"/>
      <line num="369" type="stmt" count="0"/>
      <line num="370" type="stmt" count="0"/>
      <line num="372" type="stmt" count="0"/>
      <line num="383" type="method" name="supportedGravity" crap="5.03" count="1"/>
      <line num="385" type="stmt" count="1"/>
      <line num="386" type="stmt" count="0"/>
      <line num="388" type="stmt" count="1"/>
      <line num="389" type="stmt" count="1"/>
      <line num="390" type="stmt" count="1"/>
      <line num="391" type="stmt" count="1"/>
      <line num="392" type="stmt" count="1"/>
      <line num="393" type="stmt" count="1"/>
      <line num="394" type="stmt" count="1"/>
      <line num="396" type="stmt" count="1"/>
      <line num="407" type="method" name="supportedLayerMethod" crap="5.03" count="1"/>
      <line num="409" type="stmt" count="1"/>
      <line num="410" type="stmt" count="0"/>
      <line num="412" type="stmt" count="1"/>
      <line num="413" type="stmt" count="1"/>
      <line num="414" type="stmt" count="1"/>
      <line num="415" type="stmt" count="1"/>
      <line num="416" type="stmt" count="1"/>
      <line num="417" type="stmt" count="1"/>
      <line num="418" type="stmt" count="1"/>
      <line num="420" type="stmt" count="1"/>
      <line num="431" type="method" name="supportedFormat" crap="56" count="0"/>
      <line num="433" type="stmt" count="0"/>
      <line num="434" type="stmt" count="0"/>
      <line num="436" type="stmt" count="0"/>
      <line num="437" type="stmt" count="0"/>
      <line num="438" type="stmt" count="0"/>
      <line num="439" type="stmt" count="0"/>
      <line num="440" type="stmt" count="0"/>
      <line num="441" type="stmt" count="0"/>
      <line num="442" type="stmt" count="0"/>
      <line num="443" type="stmt" count="0"/>
      <line num="444" type="stmt" count="0"/>
      <line num="445" type="stmt" count="0"/>
      <line num="446" type="stmt" count="0"/>
      <line num="447" type="stmt" count="0"/>
      <line num="449" type="stmt" count="0"/>
      <line num="458" type="method" name="validProgram" crap="3.03" count="1"/>
      <line num="460" type="stmt" count="1"/>
      <line num="461" type="stmt" count="1"/>
      <line num="462" type="stmt" count="1"/>
      <line num="463" type="stmt" count="1"/>
      <line num="464" type="stmt" count="1"/>
      <line num="466" type="stmt" count="1"/>
      <line num="468" type="stmt" count="0"/>
      <line num="471" type="stmt" count="1"/>
      <metrics loc="470" ncloc="236" classes="1" methods="18" coveredmethods="6" conditionals="0" coveredconditionals="0" statements="124" coveredstatements="76" elements="142" coveredelements="82"/>
    </file>
    <file name="/Users/joe/Sites/Karla/src/Karla/MetaData.php">
      <class name="MetaData" namespace="global" fullPackage="Karla.Karla" category="Utility" package="Karla" subpackage="Karla">
        <metrics methods="23" coveredmethods="9" conditionals="0" coveredconditionals="0" statements="93" coveredstatements="44" elements="116" coveredelements="53"/>
      </class>
      <line num="79" type="method" name="__construct" crap="1" count="2"/>
      <line num="81" type="stmt" count="2"/>
      <line num="82" type="stmt" count="2"/>
      <line num="83" type="stmt" count="2"/>
      <line num="84" type="stmt" count="2"/>
      <line num="85" type="stmt" count="2"/>
      <line num="86" type="stmt" count="2"/>
      <line num="87" type="stmt" count="2"/>
      <line num="88" type="stmt" count="2"/>
      <line num="89" type="stmt" count="2"/>
      <line num="96" type="method" name="getResolution" crap="6" count="0"/>
      <line num="98" type="stmt" count="0"/>
      <line num="100" type="stmt" count="0"/>
      <line num="101" type="stmt" count="0"/>
      <line num="102" type="stmt" count="0"/>
      <line num="103" type="stmt" count="0"/>
      <line num="104" type="stmt" count="0"/>
      <line num="105" type="stmt" count="0"/>
      <line num="106" type="stmt" count="0"/>
      <line num="108" type="stmt" count="0"/>
      <line num="115" type="method" name="getResolutionHeight" crap="2" count="0"/>
      <line num="117" type="stmt" count="0"/>
      <line num="119" type="stmt" count="0"/>
      <line num="126" type="method" name="getResolutionWidth" crap="2" count="0"/>
      <line num="128" type="stmt" count="0"/>
      <line num="130" type="stmt" count="0"/>
      <line num="137" type="method" name="getFormat" crap="2" count="0"/>
      <line num="139" type="stmt" count="0"/>
      <line num="146" type="method" name="getDepth" crap="2" count="0"/>
      <line num="148" type="stmt" count="0"/>
      <line num="155" type="method" name="getColorspace" crap="2" count="0"/>
      <line num="157" type="stmt" count="0"/>
      <line num="164" type="method" name="getGeometry" crap="2" count="0"/>
      <line num="166" type="stmt" count="0"/>
      <line num="173" type="method" name="getHeight" crap="2" count="0"/>
      <line num="175" type="stmt" count="0"/>
      <line num="182" type="method" name="getWidth" crap="2" count="0"/>
      <line num="184" type="stmt" count="0"/>
      <line num="191" type="method" name="listRaw" crap="6" count="0"/>
      <line num="193" type="stmt" count="0"/>
      <line num="194" type="stmt" count="0"/>
      <line num="195" type="stmt" count="0"/>
      <line num="196" type="stmt" count="0"/>
      <line num="197" type="stmt" count="0"/>
      <line num="198" type="stmt" count="0"/>
      <line num="200" type="stmt" count="0"/>
      <line num="207" type="method" name="parseFilename" crap="1" count="2"/>
      <line num="209" type="stmt" count="2"/>
      <line num="216" type="method" name="parseFileformat" crap="3.33" count="2"/>
      <line num="218" type="stmt" count="2"/>
      <line num="219" type="stmt" count="2"/>
      <line num="220" type="stmt" count="0"/>
      <line num="221" type="stmt" count="0"/>
      <line num="222" type="stmt" count="2"/>
      <line num="224" type="stmt" count="2"/>
      <line num="232" type="method" name="parseGeometry" crap="3.33" count="2"/>
      <line num="234" type="stmt" count="2"/>
      <line num="235" type="stmt" count="2"/>
      <line num="236" type="stmt" count="0"/>
      <line num="237" type="stmt" count="0"/>
      <line num="238" type="stmt" count="2"/>
      <line num="240" type="stmt" count="2"/>
      <line num="246" type="method" name="parseColorspace" crap="2.02" count="2"/>
      <line num="248" type="stmt" count="2"/>
      <line num="249" type="stmt" count="2"/>
      <line num="250" type="stmt" count="2"/>
      <line num="251" type="stmt" count="2"/>
      <line num="252" type="stmt" count="0"/>
      <line num="254" type="stmt" count="2"/>
      <line num="260" type="method" name="parseDepth" crap="2.02" count="2"/>
      <line num="262" type="stmt" count="2"/>
      <line num="263" type="stmt" count="2"/>
      <line num="264" type="stmt" count="2"/>
      <line num="265" type="stmt" count="2"/>
      <line num="266" type="stmt" count="0"/>
      <line num="268" type="stmt" count="2"/>
      <line num="274" type="method" name="parseResolution" crap="1" count="2"/>
      <line num="276" type="stmt" count="2"/>
      <line num="277" type="stmt" count="2"/>
      <line num="285" type="method" name="parse" crap="3.07" count="2"/>
      <line num="287" type="stmt" count="2"/>
      <line num="288" type="stmt" count="2"/>
      <line num="289" type="stmt" count="0"/>
      <line num="291" type="stmt" count="2"/>
      <line num="292" type="stmt" count="2"/>
      <line num="300" type="method" name="parseUnits" crap="5.40" count="2"/>
      <line num="302" type="stmt" count="2"/>
      <line num="303" type="stmt" count="2"/>
      <line num="304" type="stmt" count="0"/>
      <line num="305" type="stmt" count="0"/>
      <line num="306" type="stmt" count="0"/>
      <line num="308" type="stmt" count="2"/>
      <line num="309" type="stmt" count="0"/>
      <line num="310" type="stmt" count="0"/>
      <line num="311" type="stmt" count="0"/>
      <line num="313" type="stmt" count="2"/>
      <line num="314" type="stmt" count="0"/>
      <line num="315" type="stmt" count="0"/>
      <line num="316" type="stmt" count="2"/>
      <line num="317" type="stmt" count="2"/>
      <line num="318" type="stmt" count="2"/>
      <line num="319" type="stmt" count="2"/>
      <line num="320" type="stmt" count="2"/>
      <line num="321" type="stmt" count="2"/>
      <line num="327" type="method" name="getUnit" crap="6" count="0"/>
      <line num="329" type="stmt" count="0"/>
      <line num="330" type="stmt" count="0"/>
      <line num="332" type="stmt" count="0"/>
      <line num="342" type="method" name="getHash" crap="6" count="0"/>
      <line num="344" type="stmt" count="0"/>
      <line num="345" type="stmt" count="0"/>
      <line num="347" type="stmt" count="0"/>
      <line num="357" type="method" name="ppc2ppi" crap="2" count="0"/>
      <line num="359" type="stmt" count="0"/>
      <line num="368" type="method" name="ppi2ppc" crap="2" count="0"/>
      <line num="370" type="stmt" count="0"/>
      <line num="373" type="stmt" count="1"/>
      <metrics loc="372" ncloc="180" classes="1" methods="23" coveredmethods="3" conditionals="0" coveredconditionals="0" statements="93" coveredstatements="44" elements="116" coveredelements="47"/>
    </file>
    <file name="/Users/joe/Sites/Karla/src/Karla/Program.php">
      <line num="45" type="stmt" count="1"/>
      <metrics loc="44" ncloc="7" classes="0" methods="0" coveredmethods="0" conditionals="0" coveredconditionals="0" statements="0" coveredstatements="0" elements="0" coveredelements="0"/>
    </file>
    <metrics files="7" loc="2155" ncloc="1148" classes="6" methods="92" coveredmethods="26" conditionals="0" coveredconditionals="0" statements="588" coveredstatements="325" elements="680" coveredelements="351"/>
  </project>
</coverage>
